<?xml version="1.0" encoding="UTF-8"?>
<coverage generated="1747276225058" clover="3.2.0">
  <project timestamp="1747276225058" name="All files">
    <metrics statements="40" coveredstatements="35" conditionals="14" coveredconditionals="14" methods="23" coveredmethods="18" elements="77" coveredelements="67" complexity="0" loc="40" ncloc="40" packages="2" files="13" classes="13"/>
    <package name="Components">
      <metrics statements="25" coveredstatements="20" conditionals="0" coveredconditionals="0" methods="20" coveredmethods="15"/>
      <file name="AddBackpackButton.jsx" path="C:\Users\DanielSp8\FlexPath\flexpath-final-project\frontend\src\Components\AddBackpackButton.jsx">
        <metrics statements="4" coveredstatements="3" conditionals="0" coveredconditionals="0" methods="3" coveredmethods="2"/>
        <line num="6" count="4" type="stmt"/>
        <line num="8" count="4" type="stmt"/>
        <line num="10" count="1" type="stmt"/>
        <line num="15" count="0" type="stmt"/>
      </file>
      <file name="AddGearButton.jsx" path="C:\Users\DanielSp8\FlexPath\flexpath-final-project\frontend\src\Components\AddGearButton.jsx">
        <metrics statements="4" coveredstatements="3" conditionals="0" coveredconditionals="0" methods="3" coveredmethods="2"/>
        <line num="6" count="4" type="stmt"/>
        <line num="8" count="4" type="stmt"/>
        <line num="10" count="1" type="stmt"/>
        <line num="15" count="0" type="stmt"/>
      </file>
      <file name="AppTitle.jsx" path="C:\Users\DanielSp8\FlexPath\flexpath-final-project\frontend\src\Components\AppTitle.jsx">
        <metrics statements="1" coveredstatements="1" conditionals="0" coveredconditionals="0" methods="1" coveredmethods="1"/>
        <line num="4" count="1" type="stmt"/>
      </file>
      <file name="DeleteBackpackButton.jsx" path="C:\Users\DanielSp8\FlexPath\flexpath-final-project\frontend\src\Components\DeleteBackpackButton.jsx">
        <metrics statements="4" coveredstatements="3" conditionals="0" coveredconditionals="0" methods="3" coveredmethods="2"/>
        <line num="10" count="4" type="stmt"/>
        <line num="12" count="4" type="stmt"/>
        <line num="14" count="1" type="stmt"/>
        <line num="19" count="0" type="stmt"/>
      </file>
      <file name="DeleteGearItemButton.jsx" path="C:\Users\DanielSp8\FlexPath\flexpath-final-project\frontend\src\Components\DeleteGearItemButton.jsx">
        <metrics statements="4" coveredstatements="3" conditionals="0" coveredconditionals="0" methods="3" coveredmethods="2"/>
        <line num="6" count="4" type="stmt"/>
        <line num="8" count="4" type="stmt"/>
        <line num="10" count="1" type="stmt"/>
        <line num="15" count="0" type="stmt"/>
      </file>
      <file name="DisplayQuote.jsx" path="C:\Users\DanielSp8\FlexPath\flexpath-final-project\frontend\src\Components\DisplayQuote.jsx">
        <metrics statements="1" coveredstatements="1" conditionals="0" coveredconditionals="0" methods="1" coveredmethods="1"/>
        <line num="4" count="1" type="stmt"/>
      </file>
      <file name="NotFound.jsx" path="C:\Users\DanielSp8\FlexPath\flexpath-final-project\frontend\src\Components\NotFound.jsx">
        <metrics statements="1" coveredstatements="1" conditionals="0" coveredconditionals="0" methods="1" coveredmethods="1"/>
        <line num="4" count="1" type="stmt"/>
      </file>
      <file name="RadioButton.jsx" path="C:\Users\DanielSp8\FlexPath\flexpath-final-project\frontend\src\Components\RadioButton.jsx">
        <metrics statements="1" coveredstatements="1" conditionals="0" coveredconditionals="0" methods="1" coveredmethods="1"/>
        <line num="5" count="2" type="stmt"/>
      </file>
      <file name="UpdateGearButton.jsx" path="C:\Users\DanielSp8\FlexPath\flexpath-final-project\frontend\src\Components\UpdateGearButton.jsx">
        <metrics statements="4" coveredstatements="3" conditionals="0" coveredconditionals="0" methods="3" coveredmethods="2"/>
        <line num="10" count="4" type="stmt"/>
        <line num="12" count="4" type="stmt"/>
        <line num="14" count="1" type="stmt"/>
        <line num="19" count="0" type="stmt"/>
      </file>
      <file name="UserProfile.jsx" path="C:\Users\DanielSp8\FlexPath\flexpath-final-project\frontend\src\Components\UserProfile.jsx">
        <metrics statements="1" coveredstatements="1" conditionals="0" coveredconditionals="0" methods="1" coveredmethods="1"/>
        <line num="4" count="1" type="stmt"/>
      </file>
    </package>
    <package name="helpers">
      <metrics statements="15" coveredstatements="15" conditionals="14" coveredconditionals="14" methods="3" coveredmethods="3"/>
      <file name="checkForDecimalField.js" path="C:\Users\DanielSp8\FlexPath\flexpath-final-project\frontend\src\helpers\checkForDecimalField.js">
        <metrics statements="3" coveredstatements="3" conditionals="4" coveredconditionals="4" methods="1" coveredmethods="1"/>
        <line num="2" count="4" type="cond" truecount="4" falsecount="0"/>
        <line num="6" count="3" type="stmt"/>
        <line num="8" count="1" type="stmt"/>
      </file>
      <file name="currency.js" path="C:\Users\DanielSp8\FlexPath\flexpath-final-project\frontend\src\helpers\currency.js">
        <metrics statements="1" coveredstatements="1" conditionals="0" coveredconditionals="0" methods="1" coveredmethods="1"/>
        <line num="2" count="2" type="stmt"/>
      </file>
      <file name="translateFieldsForUser.js" path="C:\Users\DanielSp8\FlexPath\flexpath-final-project\frontend\src\helpers\translateFieldsForUser.js">
        <metrics statements="11" coveredstatements="11" conditionals="10" coveredconditionals="10" methods="1" coveredmethods="1"/>
        <line num="2" count="10" type="cond" truecount="10" falsecount="0"/>
        <line num="4" count="1" type="stmt"/>
        <line num="6" count="1" type="stmt"/>
        <line num="8" count="1" type="stmt"/>
        <line num="10" count="1" type="stmt"/>
        <line num="12" count="1" type="stmt"/>
        <line num="14" count="1" type="stmt"/>
        <line num="16" count="1" type="stmt"/>
        <line num="18" count="1" type="stmt"/>
        <line num="20" count="1" type="stmt"/>
        <line num="22" count="1" type="stmt"/>
      </file>
    </package>
  </project>
</coverage>
