{"C:\\Users\\DanielSp8\\FlexPath\\flexpath-final-project\\frontend\\src\\Components\\AddBackpackButton.jsx": {"path":"C:\\Users\\DanielSp8\\FlexPath\\flexpath-final-project\\frontend\\src\\Components\\AddBackpackButton.jsx","statementMap":{"0":{"start":{"line":6,"column":28},"end":{"line":6,"column":43}},"1":{"start":{"line":8,"column":2},"end":{"line":23,"column":4}},"2":{"start":{"line":10,"column":57},"end":{"line":10,"column":71}},"3":{"start":{"line":15,"column":23},"end":{"line":15,"column":38}}},"fnMap":{"0":{"name":"AddBackpackButton","decl":{"start":{"line":5,"column":24},"end":{"line":5,"column":41}},"loc":{"start":{"line":5,"column":55},"end":{"line":24,"column":1}},"line":5},"1":{"name":"(anonymous_1)","decl":{"start":{"line":10,"column":51},"end":{"line":10,"column":52}},"loc":{"start":{"line":10,"column":57},"end":{"line":10,"column":71}},"line":10},"2":{"name":"(anonymous_2)","decl":{"start":{"line":15,"column":17},"end":{"line":15,"column":18}},"loc":{"start":{"line":15,"column":23},"end":{"line":15,"column":38}},"line":15}},"branchMap":{},"s":{"0":4,"1":4,"2":1,"3":0},"f":{"0":4,"1":1,"2":0},"b":{},"_coverageSchema":"1a1c01bbd47fc00a2c39e90264f33305004495a9","hash":"9388ad03743bd5f4652952e95327fda27e5818bd"}
,"C:\\Users\\DanielSp8\\FlexPath\\flexpath-final-project\\frontend\\src\\Components\\AddGearButton.jsx": {"path":"C:\\Users\\DanielSp8\\FlexPath\\flexpath-final-project\\frontend\\src\\Components\\AddGearButton.jsx","statementMap":{"0":{"start":{"line":6,"column":28},"end":{"line":6,"column":43}},"1":{"start":{"line":8,"column":2},"end":{"line":32,"column":4}},"2":{"start":{"line":10,"column":57},"end":{"line":10,"column":71}},"3":{"start":{"line":15,"column":23},"end":{"line":15,"column":38}}},"fnMap":{"0":{"name":"AddGearButton","decl":{"start":{"line":5,"column":24},"end":{"line":5,"column":37}},"loc":{"start":{"line":5,"column":65},"end":{"line":33,"column":1}},"line":5},"1":{"name":"(anonymous_1)","decl":{"start":{"line":10,"column":51},"end":{"line":10,"column":52}},"loc":{"start":{"line":10,"column":57},"end":{"line":10,"column":71}},"line":10},"2":{"name":"(anonymous_2)","decl":{"start":{"line":15,"column":17},"end":{"line":15,"column":18}},"loc":{"start":{"line":15,"column":23},"end":{"line":15,"column":38}},"line":15}},"branchMap":{},"s":{"0":4,"1":4,"2":1,"3":0},"f":{"0":4,"1":1,"2":0},"b":{},"_coverageSchema":"1a1c01bbd47fc00a2c39e90264f33305004495a9","hash":"b2ede353e0e6252d0cf1c6668172a0045e0000f2"}
,"C:\\Users\\DanielSp8\\FlexPath\\flexpath-final-project\\frontend\\src\\Components\\AppTitle.jsx": {"path":"C:\\Users\\DanielSp8\\FlexPath\\flexpath-final-project\\frontend\\src\\Components\\AppTitle.jsx","statementMap":{"0":{"start":{"line":4,"column":2},"end":{"line":13,"column":4}}},"fnMap":{"0":{"name":"AppTitle","decl":{"start":{"line":3,"column":24},"end":{"line":3,"column":32}},"loc":{"start":{"line":3,"column":35},"end":{"line":14,"column":1}},"line":3}},"branchMap":{},"s":{"0":1},"f":{"0":1},"b":{},"_coverageSchema":"1a1c01bbd47fc00a2c39e90264f33305004495a9","hash":"b25cf22fd9af6ba3de072d2979a3fa1e5e7a61ed"}
,"C:\\Users\\DanielSp8\\FlexPath\\flexpath-final-project\\frontend\\src\\Components\\DeleteBackpackButton.jsx": {"path":"C:\\Users\\DanielSp8\\FlexPath\\flexpath-final-project\\frontend\\src\\Components\\DeleteBackpackButton.jsx","statementMap":{"0":{"start":{"line":10,"column":28},"end":{"line":10,"column":43}},"1":{"start":{"line":12,"column":2},"end":{"line":26,"column":4}},"2":{"start":{"line":14,"column":56},"end":{"line":14,"column":70}},"3":{"start":{"line":19,"column":23},"end":{"line":19,"column":38}}},"fnMap":{"0":{"name":"DeleteBackpackButton","decl":{"start":{"line":5,"column":24},"end":{"line":5,"column":44}},"loc":{"start":{"line":9,"column":3},"end":{"line":27,"column":1}},"line":9},"1":{"name":"(anonymous_1)","decl":{"start":{"line":14,"column":50},"end":{"line":14,"column":51}},"loc":{"start":{"line":14,"column":56},"end":{"line":14,"column":70}},"line":14},"2":{"name":"(anonymous_2)","decl":{"start":{"line":19,"column":17},"end":{"line":19,"column":18}},"loc":{"start":{"line":19,"column":23},"end":{"line":19,"column":38}},"line":19}},"branchMap":{},"s":{"0":4,"1":4,"2":1,"3":0},"f":{"0":4,"1":1,"2":0},"b":{},"_coverageSchema":"1a1c01bbd47fc00a2c39e90264f33305004495a9","hash":"256d59b6e6cc3aaefec7b6f24f7b0a371df7aaa9"}
,"C:\\Users\\DanielSp8\\FlexPath\\flexpath-final-project\\frontend\\src\\Components\\DeleteGearItemButton.jsx": {"path":"C:\\Users\\DanielSp8\\FlexPath\\flexpath-final-project\\frontend\\src\\Components\\DeleteGearItemButton.jsx","statementMap":{"0":{"start":{"line":6,"column":28},"end":{"line":6,"column":43}},"1":{"start":{"line":8,"column":2},"end":{"line":22,"column":4}},"2":{"start":{"line":10,"column":56},"end":{"line":10,"column":70}},"3":{"start":{"line":15,"column":23},"end":{"line":15,"column":38}}},"fnMap":{"0":{"name":"DeleteGearItemButton","decl":{"start":{"line":5,"column":24},"end":{"line":5,"column":44}},"loc":{"start":{"line":5,"column":78},"end":{"line":23,"column":1}},"line":5},"1":{"name":"(anonymous_1)","decl":{"start":{"line":10,"column":50},"end":{"line":10,"column":51}},"loc":{"start":{"line":10,"column":56},"end":{"line":10,"column":70}},"line":10},"2":{"name":"(anonymous_2)","decl":{"start":{"line":15,"column":17},"end":{"line":15,"column":18}},"loc":{"start":{"line":15,"column":23},"end":{"line":15,"column":38}},"line":15}},"branchMap":{},"s":{"0":4,"1":4,"2":1,"3":0},"f":{"0":4,"1":1,"2":0},"b":{},"_coverageSchema":"1a1c01bbd47fc00a2c39e90264f33305004495a9","hash":"125150d8c950abdcb20a56e0d5f05053885f6d68"}
,"C:\\Users\\DanielSp8\\FlexPath\\flexpath-final-project\\frontend\\src\\Components\\DisplayQuote.jsx": {"path":"C:\\Users\\DanielSp8\\FlexPath\\flexpath-final-project\\frontend\\src\\Components\\DisplayQuote.jsx","statementMap":{"0":{"start":{"line":4,"column":2},"end":{"line":9,"column":4}}},"fnMap":{"0":{"name":"DisplayQuote","decl":{"start":{"line":3,"column":24},"end":{"line":3,"column":36}},"loc":{"start":{"line":3,"column":39},"end":{"line":10,"column":1}},"line":3}},"branchMap":{},"s":{"0":1},"f":{"0":1},"b":{},"_coverageSchema":"1a1c01bbd47fc00a2c39e90264f33305004495a9","hash":"1d0300f19c52e39b8f5858ff683350817e173c72"}
,"C:\\Users\\DanielSp8\\FlexPath\\flexpath-final-project\\frontend\\src\\Components\\NotFound.jsx": {"path":"C:\\Users\\DanielSp8\\FlexPath\\flexpath-final-project\\frontend\\src\\Components\\NotFound.jsx","statementMap":{"0":{"start":{"line":4,"column":2},"end":{"line":8,"column":4}}},"fnMap":{"0":{"name":"NotFound","decl":{"start":{"line":3,"column":24},"end":{"line":3,"column":32}},"loc":{"start":{"line":3,"column":35},"end":{"line":9,"column":1}},"line":3}},"branchMap":{},"s":{"0":1},"f":{"0":1},"b":{},"_coverageSchema":"1a1c01bbd47fc00a2c39e90264f33305004495a9","hash":"c187f939b8ec699c661557447a6ec662e701a661"}
,"C:\\Users\\DanielSp8\\FlexPath\\flexpath-final-project\\frontend\\src\\Components\\RadioButton.jsx": {"path":"C:\\Users\\DanielSp8\\FlexPath\\flexpath-final-project\\frontend\\src\\Components\\RadioButton.jsx","statementMap":{"0":{"start":{"line":5,"column":2},"end":{"line":16,"column":4}}},"fnMap":{"0":{"name":"RadioButton","decl":{"start":{"line":4,"column":24},"end":{"line":4,"column":35}},"loc":{"start":{"line":4,"column":73},"end":{"line":17,"column":1}},"line":4}},"branchMap":{},"s":{"0":2},"f":{"0":2},"b":{},"_coverageSchema":"1a1c01bbd47fc00a2c39e90264f33305004495a9","hash":"70612025e1829693d07067c2edc1f8aecc97b78b"}
,"C:\\Users\\DanielSp8\\FlexPath\\flexpath-final-project\\frontend\\src\\Components\\UpdateGearButton.jsx": {"path":"C:\\Users\\DanielSp8\\FlexPath\\flexpath-final-project\\frontend\\src\\Components\\UpdateGearButton.jsx","statementMap":{"0":{"start":{"line":10,"column":28},"end":{"line":10,"column":43}},"1":{"start":{"line":12,"column":2},"end":{"line":37,"column":4}},"2":{"start":{"line":14,"column":57},"end":{"line":14,"column":71}},"3":{"start":{"line":19,"column":23},"end":{"line":19,"column":38}}},"fnMap":{"0":{"name":"UpdateGearButton","decl":{"start":{"line":5,"column":24},"end":{"line":5,"column":40}},"loc":{"start":{"line":9,"column":3},"end":{"line":38,"column":1}},"line":9},"1":{"name":"(anonymous_1)","decl":{"start":{"line":14,"column":51},"end":{"line":14,"column":52}},"loc":{"start":{"line":14,"column":57},"end":{"line":14,"column":71}},"line":14},"2":{"name":"(anonymous_2)","decl":{"start":{"line":19,"column":17},"end":{"line":19,"column":18}},"loc":{"start":{"line":19,"column":23},"end":{"line":19,"column":38}},"line":19}},"branchMap":{},"s":{"0":4,"1":4,"2":1,"3":0},"f":{"0":4,"1":1,"2":0},"b":{},"_coverageSchema":"1a1c01bbd47fc00a2c39e90264f33305004495a9","hash":"d1fb27e88ed183add3eca1ba611a54c15c376222"}
,"C:\\Users\\DanielSp8\\FlexPath\\flexpath-final-project\\frontend\\src\\Components\\UserProfile.jsx": {"path":"C:\\Users\\DanielSp8\\FlexPath\\flexpath-final-project\\frontend\\src\\Components\\UserProfile.jsx","statementMap":{"0":{"start":{"line":4,"column":2},"end":{"line":10,"column":4}}},"fnMap":{"0":{"name":"UserProfile","decl":{"start":{"line":3,"column":24},"end":{"line":3,"column":35}},"loc":{"start":{"line":3,"column":38},"end":{"line":11,"column":1}},"line":3}},"branchMap":{},"s":{"0":1},"f":{"0":1},"b":{},"_coverageSchema":"1a1c01bbd47fc00a2c39e90264f33305004495a9","hash":"da5f452b293c519fa2951445e39e302eb5abf2a4"}
,"C:\\Users\\DanielSp8\\FlexPath\\flexpath-final-project\\frontend\\src\\helpers\\checkForDecimalField.js": {"path":"C:\\Users\\DanielSp8\\FlexPath\\flexpath-final-project\\frontend\\src\\helpers\\checkForDecimalField.js","statementMap":{"0":{"start":{"line":2,"column":2},"end":{"line":9,"column":3}},"1":{"start":{"line":6,"column":6},"end":{"line":6,"column":18}},"2":{"start":{"line":8,"column":6},"end":{"line":8,"column":19}}},"fnMap":{"0":{"name":"checkForDecimalField","decl":{"start":{"line":1,"column":16},"end":{"line":1,"column":36}},"loc":{"start":{"line":1,"column":48},"end":{"line":10,"column":1}},"line":1}},"branchMap":{"0":{"loc":{"start":{"line":2,"column":2},"end":{"line":9,"column":3}},"type":"switch","locations":[{"start":{"line":3,"column":4},"end":{"line":3,"column":21}},{"start":{"line":4,"column":4},"end":{"line":4,"column":20}},{"start":{"line":5,"column":4},"end":{"line":6,"column":18}},{"start":{"line":7,"column":4},"end":{"line":8,"column":19}}],"line":2}},"s":{"0":4,"1":3,"2":1},"f":{"0":4},"b":{"0":[1,2,3,1]},"_coverageSchema":"1a1c01bbd47fc00a2c39e90264f33305004495a9","hash":"9aac710b57e0a83a040cf354b8e5a929d02e2c23"}
,"C:\\Users\\DanielSp8\\FlexPath\\flexpath-final-project\\frontend\\src\\helpers\\currency.js": {"path":"C:\\Users\\DanielSp8\\FlexPath\\flexpath-final-project\\frontend\\src\\helpers\\currency.js","statementMap":{"0":{"start":{"line":2,"column":2},"end":{"line":7,"column":5}}},"fnMap":{"0":{"name":"formatCurrency","decl":{"start":{"line":1,"column":16},"end":{"line":1,"column":30}},"loc":{"start":{"line":1,"column":39},"end":{"line":8,"column":1}},"line":1}},"branchMap":{},"s":{"0":2},"f":{"0":2},"b":{},"_coverageSchema":"1a1c01bbd47fc00a2c39e90264f33305004495a9","hash":"48b30383103b769a0ec17fdbb6c483757641de04"}
,"C:\\Users\\DanielSp8\\FlexPath\\flexpath-final-project\\frontend\\src\\helpers\\translateFieldsForUser.js": {"path":"C:\\Users\\DanielSp8\\FlexPath\\flexpath-final-project\\frontend\\src\\helpers\\translateFieldsForUser.js","statementMap":{"0":{"start":{"line":2,"column":2},"end":{"line":23,"column":3}},"1":{"start":{"line":4,"column":6},"end":{"line":4,"column":29}},"2":{"start":{"line":6,"column":6},"end":{"line":6,"column":24}},"3":{"start":{"line":8,"column":6},"end":{"line":8,"column":29}},"4":{"start":{"line":10,"column":6},"end":{"line":10,"column":28}},"5":{"start":{"line":12,"column":6},"end":{"line":12,"column":24}},"6":{"start":{"line":14,"column":6},"end":{"line":14,"column":27}},"7":{"start":{"line":16,"column":6},"end":{"line":16,"column":31}},"8":{"start":{"line":18,"column":6},"end":{"line":18,"column":30}},"9":{"start":{"line":20,"column":6},"end":{"line":20,"column":21}},"10":{"start":{"line":22,"column":6},"end":{"line":22,"column":18}}},"fnMap":{"0":{"name":"translateFieldsForUser","decl":{"start":{"line":1,"column":16},"end":{"line":1,"column":38}},"loc":{"start":{"line":1,"column":50},"end":{"line":24,"column":1}},"line":1}},"branchMap":{"0":{"loc":{"start":{"line":2,"column":2},"end":{"line":23,"column":3}},"type":"switch","locations":[{"start":{"line":3,"column":4},"end":{"line":4,"column":29}},{"start":{"line":5,"column":4},"end":{"line":6,"column":24}},{"start":{"line":7,"column":4},"end":{"line":8,"column":29}},{"start":{"line":9,"column":4},"end":{"line":10,"column":28}},{"start":{"line":11,"column":4},"end":{"line":12,"column":24}},{"start":{"line":13,"column":4},"end":{"line":14,"column":27}},{"start":{"line":15,"column":4},"end":{"line":16,"column":31}},{"start":{"line":17,"column":4},"end":{"line":18,"column":30}},{"start":{"line":19,"column":4},"end":{"line":20,"column":21}},{"start":{"line":21,"column":4},"end":{"line":22,"column":18}}],"line":2}},"s":{"0":10,"1":1,"2":1,"3":1,"4":1,"5":1,"6":1,"7":1,"8":1,"9":1,"10":1},"f":{"0":10},"b":{"0":[1,1,1,1,1,1,1,1,1,1]},"_coverageSchema":"1a1c01bbd47fc00a2c39e90264f33305004495a9","hash":"664818cc17236098eaf2419f1fae10beb7b92383"}
}
