{"C:\\Users\\DanielSp8\\FlexPath\\flexpath-final-project\\frontend\\src\\App.jsx": {"path":"C:\\Users\\DanielSp8\\FlexPath\\flexpath-final-project\\frontend\\src\\App.jsx","statementMap":{"0":{"start":{"line":19,"column":2},"end":{"line":33,"column":4}}},"fnMap":{"0":{"name":"App","decl":{"start":{"line":18,"column":9},"end":{"line":18,"column":12}},"loc":{"start":{"line":18,"column":15},"end":{"line":34,"column":1}},"line":18}},"branchMap":{},"s":{"0":0},"f":{"0":0},"b":{}}
,"C:\\Users\\DanielSp8\\FlexPath\\flexpath-final-project\\frontend\\src\\main.jsx": {"path":"C:\\Users\\DanielSp8\\FlexPath\\flexpath-final-project\\frontend\\src\\main.jsx","statementMap":{"0":{"start":{"line":8,"column":0},"end":{"line":16,"column":2}}},"fnMap":{},"branchMap":{},"s":{"0":0},"f":{},"b":{}}
,"C:\\Users\\DanielSp8\\FlexPath\\flexpath-final-project\\frontend\\src\\Components\\AddBackpackButton.jsx": {"path":"C:\\Users\\DanielSp8\\FlexPath\\flexpath-final-project\\frontend\\src\\Components\\AddBackpackButton.jsx","statementMap":{"0":{"start":{"line":6,"column":28},"end":{"line":6,"column":43}},"1":{"start":{"line":8,"column":2},"end":{"line":23,"column":4}},"2":{"start":{"line":10,"column":57},"end":{"line":10,"column":71}},"3":{"start":{"line":15,"column":23},"end":{"line":15,"column":38}}},"fnMap":{"0":{"name":"AddBackpackButton","decl":{"start":{"line":5,"column":24},"end":{"line":5,"column":41}},"loc":{"start":{"line":5,"column":57},"end":{"line":24,"column":1}},"line":5},"1":{"name":"(anonymous_1)","decl":{"start":{"line":10,"column":51},"end":{"line":10,"column":52}},"loc":{"start":{"line":10,"column":57},"end":{"line":10,"column":71}},"line":10},"2":{"name":"(anonymous_2)","decl":{"start":{"line":15,"column":17},"end":{"line":15,"column":18}},"loc":{"start":{"line":15,"column":23},"end":{"line":15,"column":38}},"line":15}},"branchMap":{},"s":{"0":9,"1":9,"2":2,"3":1},"f":{"0":9,"1":2,"2":1},"b":{},"_coverageSchema":"1a1c01bbd47fc00a2c39e90264f33305004495a9","hash":"9d890203a2e616e8c3d3c2794968705491e7cc1e"}
,"C:\\Users\\DanielSp8\\FlexPath\\flexpath-final-project\\frontend\\src\\Components\\AddGearButton.jsx": {"path":"C:\\Users\\DanielSp8\\FlexPath\\flexpath-final-project\\frontend\\src\\Components\\AddGearButton.jsx","statementMap":{"0":{"start":{"line":10,"column":28},"end":{"line":10,"column":43}},"1":{"start":{"line":12,"column":2},"end":{"line":38,"column":4}},"2":{"start":{"line":15,"column":60},"end":{"line":15,"column":74}},"3":{"start":{"line":21,"column":23},"end":{"line":21,"column":38}}},"fnMap":{"0":{"name":"AddGearButton","decl":{"start":{"line":5,"column":24},"end":{"line":5,"column":37}},"loc":{"start":{"line":9,"column":3},"end":{"line":39,"column":1}},"line":9},"1":{"name":"(anonymous_1)","decl":{"start":{"line":15,"column":54},"end":{"line":15,"column":55}},"loc":{"start":{"line":15,"column":60},"end":{"line":15,"column":74}},"line":15},"2":{"name":"(anonymous_2)","decl":{"start":{"line":21,"column":17},"end":{"line":21,"column":18}},"loc":{"start":{"line":21,"column":23},"end":{"line":21,"column":38}},"line":21}},"branchMap":{"0":{"loc":{"start":{"line":14,"column":7},"end":{"line":18,"column":7}},"type":"binary-expr","locations":[{"start":{"line":14,"column":7},"end":{"line":14,"column":20}},{"start":{"line":15,"column":8},"end":{"line":17,"column":17}}],"line":14}},"s":{"0":0,"1":0,"2":0,"3":0},"f":{"0":0,"1":0,"2":0},"b":{"0":[0,0]}}
,"C:\\Users\\DanielSp8\\FlexPath\\flexpath-final-project\\frontend\\src\\Components\\AddRoleButton.jsx": {"path":"C:\\Users\\DanielSp8\\FlexPath\\flexpath-final-project\\frontend\\src\\Components\\AddRoleButton.jsx","statementMap":{"0":{"start":{"line":11,"column":28},"end":{"line":11,"column":43}},"1":{"start":{"line":13,"column":2},"end":{"line":37,"column":4}},"2":{"start":{"line":19,"column":10},"end":{"line":19,"column":25}},"3":{"start":{"line":20,"column":10},"end":{"line":20,"column":31}},"4":{"start":{"line":27,"column":23},"end":{"line":27,"column":38}}},"fnMap":{"0":{"name":"AddRoleButton","decl":{"start":{"line":5,"column":24},"end":{"line":5,"column":37}},"loc":{"start":{"line":10,"column":3},"end":{"line":38,"column":1}},"line":10},"1":{"name":"(anonymous_1)","decl":{"start":{"line":18,"column":17},"end":{"line":18,"column":18}},"loc":{"start":{"line":18,"column":23},"end":{"line":21,"column":9}},"line":18},"2":{"name":"(anonymous_2)","decl":{"start":{"line":27,"column":17},"end":{"line":27,"column":18}},"loc":{"start":{"line":27,"column":23},"end":{"line":27,"column":38}},"line":27}},"branchMap":{"0":{"loc":{"start":{"line":17,"column":26},"end":{"line":17,"column":62}},"type":"cond-expr","locations":[{"start":{"line":17,"column":39},"end":{"line":17,"column":53}},{"start":{"line":17,"column":56},"end":{"line":17,"column":62}}],"line":17}},"s":{"0":7,"1":7,"2":2,"3":2,"4":1},"f":{"0":7,"1":2,"2":1},"b":{"0":[6,1]},"_coverageSchema":"1a1c01bbd47fc00a2c39e90264f33305004495a9","hash":"aa8f91428499c6e1922b6a7e29ffcb16935645fb"}
,"C:\\Users\\DanielSp8\\FlexPath\\flexpath-final-project\\frontend\\src\\Components\\AdminProfile.jsx": {"path":"C:\\Users\\DanielSp8\\FlexPath\\flexpath-final-project\\frontend\\src\\Components\\AdminProfile.jsx","statementMap":{"0":{"start":{"line":8,"column":38},"end":{"line":8,"column":49}},"1":{"start":{"line":9,"column":46},"end":{"line":9,"column":59}},"2":{"start":{"line":10,"column":38},"end":{"line":10,"column":52}},"3":{"start":{"line":12,"column":25},"end":{"line":15,"column":3}},"4":{"start":{"line":13,"column":4},"end":{"line":13,"column":24}},"5":{"start":{"line":14,"column":4},"end":{"line":14,"column":38}},"6":{"start":{"line":14,"column":28},"end":{"line":14,"column":36}},"7":{"start":{"line":17,"column":2},"end":{"line":19,"column":30}},"8":{"start":{"line":18,"column":4},"end":{"line":18,"column":28}},"9":{"start":{"line":21,"column":2},"end":{"line":21,"column":44}},"10":{"start":{"line":21,"column":15},"end":{"line":21,"column":44}},"11":{"start":{"line":23,"column":2},"end":{"line":57,"column":4}},"12":{"start":{"line":26,"column":8},"end":{"line":54,"column":10}}},"fnMap":{"0":{"name":"AdminProfile","decl":{"start":{"line":7,"column":24},"end":{"line":7,"column":36}},"loc":{"start":{"line":7,"column":39},"end":{"line":58,"column":1}},"line":7},"1":{"name":"(anonymous_1)","decl":{"start":{"line":12,"column":25},"end":{"line":12,"column":26}},"loc":{"start":{"line":12,"column":31},"end":{"line":15,"column":3}},"line":12},"2":{"name":"(anonymous_2)","decl":{"start":{"line":14,"column":18},"end":{"line":14,"column":19}},"loc":{"start":{"line":14,"column":28},"end":{"line":14,"column":36}},"line":14},"3":{"name":"(anonymous_3)","decl":{"start":{"line":17,"column":12},"end":{"line":17,"column":13}},"loc":{"start":{"line":17,"column":18},"end":{"line":19,"column":3}},"line":17},"4":{"name":"(anonymous_4)","decl":{"start":{"line":25,"column":17},"end":{"line":25,"column":18}},"loc":{"start":{"line":25,"column":31},"end":{"line":55,"column":7}},"line":25}},"branchMap":{"0":{"loc":{"start":{"line":21,"column":2},"end":{"line":21,"column":44}},"type":"if","locations":[{"start":{"line":21,"column":2},"end":{"line":21,"column":44}},{"start":{},"end":{}}],"line":21},"1":{"loc":{"start":{"line":51,"column":15},"end":{"line":51,"column":73}},"type":"binary-expr","locations":[{"start":{"line":51,"column":15},"end":{"line":51,"column":20}},{"start":{"line":51,"column":24},"end":{"line":51,"column":73}}],"line":51}},"s":{"0":4,"1":4,"2":4,"3":4,"4":1,"5":1,"6":1,"7":4,"8":4,"9":4,"10":1,"11":3,"12":3},"f":{"0":4,"1":1,"2":1,"3":4,"4":3},"b":{"0":[1,3],"1":[3,3]},"_coverageSchema":"1a1c01bbd47fc00a2c39e90264f33305004495a9","hash":"b8d13dd55f08b63a249e6f71f960f2e3d7de6f08"}
,"C:\\Users\\DanielSp8\\FlexPath\\flexpath-final-project\\frontend\\src\\Components\\AppTitle.jsx": {"path":"C:\\Users\\DanielSp8\\FlexPath\\flexpath-final-project\\frontend\\src\\Components\\AppTitle.jsx","statementMap":{"0":{"start":{"line":4,"column":2},"end":{"line":13,"column":4}}},"fnMap":{"0":{"name":"AppTitle","decl":{"start":{"line":3,"column":24},"end":{"line":3,"column":32}},"loc":{"start":{"line":3,"column":35},"end":{"line":14,"column":1}},"line":3}},"branchMap":{},"s":{"0":2},"f":{"0":2},"b":{},"_coverageSchema":"1a1c01bbd47fc00a2c39e90264f33305004495a9","hash":"b25cf22fd9af6ba3de072d2979a3fa1e5e7a61ed"}
,"C:\\Users\\DanielSp8\\FlexPath\\flexpath-final-project\\frontend\\src\\Components\\AuthPage.jsx": {"path":"C:\\Users\\DanielSp8\\FlexPath\\flexpath-final-project\\frontend\\src\\Components\\AuthPage.jsx","statementMap":{"0":{"start":{"line":8,"column":36},"end":{"line":8,"column":50}},"1":{"start":{"line":10,"column":2},"end":{"line":53,"column":4}},"2":{"start":{"line":47,"column":25},"end":{"line":47,"column":49}}},"fnMap":{"0":{"name":"AuthPage","decl":{"start":{"line":7,"column":24},"end":{"line":7,"column":32}},"loc":{"start":{"line":7,"column":35},"end":{"line":54,"column":1}},"line":7},"1":{"name":"(anonymous_1)","decl":{"start":{"line":47,"column":19},"end":{"line":47,"column":20}},"loc":{"start":{"line":47,"column":25},"end":{"line":47,"column":49}},"line":47}},"branchMap":{"0":{"loc":{"start":{"line":29,"column":17},"end":{"line":29,"column":48}},"type":"cond-expr","locations":[{"start":{"line":29,"column":29},"end":{"line":29,"column":36}},{"start":{"line":29,"column":39},"end":{"line":29,"column":48}}],"line":29},"1":{"loc":{"start":{"line":32,"column":15},"end":{"line":32,"column":57}},"type":"cond-expr","locations":[{"start":{"line":32,"column":27},"end":{"line":32,"column":40}},{"start":{"line":32,"column":43},"end":{"line":32,"column":57}}],"line":32},"2":{"loc":{"start":{"line":43,"column":11},"end":{"line":43,"column":76}},"type":"cond-expr","locations":[{"start":{"line":43,"column":23},"end":{"line":43,"column":47}},{"start":{"line":43,"column":50},"end":{"line":43,"column":76}}],"line":43},"3":{"loc":{"start":{"line":49,"column":11},"end":{"line":49,"column":43}},"type":"cond-expr","locations":[{"start":{"line":49,"column":23},"end":{"line":49,"column":33}},{"start":{"line":49,"column":36},"end":{"line":49,"column":43}}],"line":49}},"s":{"0":3,"1":3,"2":1},"f":{"0":3,"1":1},"b":{"0":[2,1],"1":[2,1],"2":[2,1],"3":[2,1]},"_coverageSchema":"1a1c01bbd47fc00a2c39e90264f33305004495a9","hash":"761d68b8518fafa7f2311a79fcbb8668b300ca54"}
,"C:\\Users\\DanielSp8\\FlexPath\\flexpath-final-project\\frontend\\src\\Components\\Backpack.jsx": {"path":"C:\\Users\\DanielSp8\\FlexPath\\flexpath-final-project\\frontend\\src\\Components\\Backpack.jsx","statementMap":{"0":{"start":{"line":14,"column":44},"end":{"line":14,"column":58}},"1":{"start":{"line":15,"column":46},"end":{"line":15,"column":59}},"2":{"start":{"line":16,"column":23},"end":{"line":16,"column":36}},"3":{"start":{"line":17,"column":19},"end":{"line":17,"column":28}},"4":{"start":{"line":19,"column":2},"end":{"line":21,"column":30}},"5":{"start":{"line":20,"column":4},"end":{"line":20,"column":32}},"6":{"start":{"line":23,"column":2},"end":{"line":29,"column":29}},"7":{"start":{"line":24,"column":4},"end":{"line":28,"column":5}},"8":{"start":{"line":25,"column":6},"end":{"line":27,"column":7}},"9":{"start":{"line":26,"column":8},"end":{"line":26,"column":32}},"10":{"start":{"line":31,"column":2},"end":{"line":31,"column":44}},"11":{"start":{"line":31,"column":15},"end":{"line":31,"column":44}},"12":{"start":{"line":33,"column":30},"end":{"line":36,"column":3}},"13":{"start":{"line":34,"column":4},"end":{"line":34,"column":38}},"14":{"start":{"line":35,"column":4},"end":{"line":35,"column":25}},"15":{"start":{"line":37,"column":2},"end":{"line":91,"column":4}},"16":{"start":{"line":53,"column":12},"end":{"line":83,"column":13}},"17":{"start":{"line":58,"column":14},"end":{"line":82,"column":16}},"18":{"start":{"line":63,"column":37},"end":{"line":63,"column":73}},"19":{"start":{"line":85,"column":12},"end":{"line":85,"column":24}}},"fnMap":{"0":{"name":"Backpack","decl":{"start":{"line":8,"column":24},"end":{"line":8,"column":32}},"loc":{"start":{"line":13,"column":3},"end":{"line":92,"column":1}},"line":13},"1":{"name":"(anonymous_1)","decl":{"start":{"line":19,"column":12},"end":{"line":19,"column":13}},"loc":{"start":{"line":19,"column":18},"end":{"line":21,"column":3}},"line":19},"2":{"name":"(anonymous_2)","decl":{"start":{"line":23,"column":12},"end":{"line":23,"column":13}},"loc":{"start":{"line":23,"column":18},"end":{"line":29,"column":3}},"line":23},"3":{"name":"(anonymous_3)","decl":{"start":{"line":33,"column":30},"end":{"line":33,"column":31}},"loc":{"start":{"line":33,"column":46},"end":{"line":36,"column":3}},"line":33},"4":{"name":"(anonymous_4)","decl":{"start":{"line":50,"column":21},"end":{"line":50,"column":22}},"loc":{"start":{"line":50,"column":35},"end":{"line":86,"column":11}},"line":50},"5":{"name":"(anonymous_5)","decl":{"start":{"line":63,"column":31},"end":{"line":63,"column":32}},"loc":{"start":{"line":63,"column":37},"end":{"line":63,"column":73}},"line":63}},"branchMap":{"0":{"loc":{"start":{"line":24,"column":4},"end":{"line":28,"column":5}},"type":"if","locations":[{"start":{"line":24,"column":4},"end":{"line":28,"column":5}},{"start":{},"end":{}}],"line":24},"1":{"loc":{"start":{"line":25,"column":6},"end":{"line":27,"column":7}},"type":"if","locations":[{"start":{"line":25,"column":6},"end":{"line":27,"column":7}},{"start":{},"end":{}}],"line":25},"2":{"loc":{"start":{"line":25,"column":10},"end":{"line":25,"column":74}},"type":"binary-expr","locations":[{"start":{"line":25,"column":10},"end":{"line":25,"column":47}},{"start":{"line":25,"column":51},"end":{"line":25,"column":74}}],"line":25},"3":{"loc":{"start":{"line":31,"column":2},"end":{"line":31,"column":44}},"type":"if","locations":[{"start":{"line":31,"column":2},"end":{"line":31,"column":44}},{"start":{},"end":{}}],"line":31},"4":{"loc":{"start":{"line":53,"column":12},"end":{"line":83,"column":13}},"type":"if","locations":[{"start":{"line":53,"column":12},"end":{"line":83,"column":13}},{"start":{},"end":{}}],"line":53},"5":{"loc":{"start":{"line":54,"column":14},"end":{"line":56,"column":45}},"type":"binary-expr","locations":[{"start":{"line":54,"column":14},"end":{"line":54,"column":32}},{"start":{"line":55,"column":14},"end":{"line":55,"column":36}},{"start":{"line":56,"column":14},"end":{"line":56,"column":45}}],"line":54},"6":{"loc":{"start":{"line":72,"column":21},"end":{"line":79,"column":28}},"type":"cond-expr","locations":[{"start":{"line":74,"column":22},"end":{"line":78,"column":24}},{"start":{"line":79,"column":24},"end":{"line":79,"column":28}}],"line":72},"7":{"loc":{"start":{"line":72,"column":21},"end":{"line":73,"column":42}},"type":"binary-expr","locations":[{"start":{"line":72,"column":21},"end":{"line":72,"column":52}},{"start":{"line":73,"column":20},"end":{"line":73,"column":42}}],"line":72},"8":{"loc":{"start":{"line":89,"column":7},"end":{"line":89,"column":58}},"type":"binary-expr","locations":[{"start":{"line":89,"column":7},"end":{"line":89,"column":12}},{"start":{"line":89,"column":16},"end":{"line":89,"column":58}}],"line":89}},"s":{"0":9,"1":9,"2":9,"3":9,"4":9,"5":3,"6":9,"7":6,"8":6,"9":6,"10":9,"11":0,"12":9,"13":1,"14":1,"15":9,"16":9,"17":6,"18":1,"19":3},"f":{"0":9,"1":3,"2":6,"3":1,"4":9,"5":1},"b":{"0":[6,0],"1":[6,0],"2":[6,6],"3":[0,9],"4":[6,3],"5":[9,3,3],"6":[0,6],"7":[6,6],"8":[9,0]},"_coverageSchema":"1a1c01bbd47fc00a2c39e90264f33305004495a9","hash":"dfb6dfe90aeb9aceeec458a95e32ff3e189e4385"}
,"C:\\Users\\DanielSp8\\FlexPath\\flexpath-final-project\\frontend\\src\\Components\\Backpacks.jsx": {"path":"C:\\Users\\DanielSp8\\FlexPath\\flexpath-final-project\\frontend\\src\\Components\\Backpacks.jsx","statementMap":{"0":{"start":{"line":8,"column":38},"end":{"line":8,"column":49}},"1":{"start":{"line":9,"column":40},"end":{"line":9,"column":55}},"2":{"start":{"line":10,"column":54},"end":{"line":10,"column":68}},"3":{"start":{"line":12,"column":25},"end":{"line":14,"column":3}},"4":{"start":{"line":13,"column":4},"end":{"line":13,"column":38}},"5":{"start":{"line":13,"column":28},"end":{"line":13,"column":36}},"6":{"start":{"line":16,"column":2},"end":{"line":28,"column":3}},"7":{"start":{"line":17,"column":4},"end":{"line":27,"column":6}},"8":{"start":{"line":30,"column":2},"end":{"line":39,"column":3}},"9":{"start":{"line":31,"column":4},"end":{"line":38,"column":6}}},"fnMap":{"0":{"name":"Backpacks","decl":{"start":{"line":7,"column":24},"end":{"line":7,"column":33}},"loc":{"start":{"line":7,"column":36},"end":{"line":40,"column":1}},"line":7},"1":{"name":"(anonymous_1)","decl":{"start":{"line":12,"column":25},"end":{"line":12,"column":26}},"loc":{"start":{"line":12,"column":31},"end":{"line":14,"column":3}},"line":12},"2":{"name":"(anonymous_2)","decl":{"start":{"line":13,"column":18},"end":{"line":13,"column":19}},"loc":{"start":{"line":13,"column":28},"end":{"line":13,"column":36}},"line":13}},"branchMap":{"0":{"loc":{"start":{"line":16,"column":2},"end":{"line":28,"column":3}},"type":"if","locations":[{"start":{"line":16,"column":2},"end":{"line":28,"column":3}},{"start":{},"end":{}}],"line":16},"1":{"loc":{"start":{"line":30,"column":2},"end":{"line":39,"column":3}},"type":"if","locations":[{"start":{"line":30,"column":2},"end":{"line":39,"column":3}},{"start":{},"end":{}}],"line":30}},"s":{"0":7,"1":7,"2":7,"3":7,"4":1,"5":1,"6":7,"7":5,"8":2,"9":2},"f":{"0":7,"1":1,"2":1},"b":{"0":[5,2],"1":[2,0]},"_coverageSchema":"1a1c01bbd47fc00a2c39e90264f33305004495a9","hash":"20d5ff0e2bda52e89e89348b4eae683e46782124"}
,"C:\\Users\\DanielSp8\\FlexPath\\flexpath-final-project\\frontend\\src\\Components\\Carousel.jsx": {"path":"C:\\Users\\DanielSp8\\FlexPath\\flexpath-final-project\\frontend\\src\\Components\\Carousel.jsx","statementMap":{"0":{"start":{"line":23,"column":52},"end":{"line":23,"column":63}},"1":{"start":{"line":24,"column":30},"end":{"line":44,"column":4}},"2":{"start":{"line":46,"column":2},"end":{"line":54,"column":22}},"3":{"start":{"line":47,"column":23},"end":{"line":51,"column":12}},"4":{"start":{"line":48,"column":6},"end":{"line":50,"column":8}},"5":{"start":{"line":49,"column":8},"end":{"line":49,"column":59}},"6":{"start":{"line":53,"column":4},"end":{"line":53,"column":43}},"7":{"start":{"line":53,"column":17},"end":{"line":53,"column":42}},"8":{"start":{"line":56,"column":2},"end":{"line":66,"column":4}}},"fnMap":{"0":{"name":"Carousel","decl":{"start":{"line":22,"column":24},"end":{"line":22,"column":32}},"loc":{"start":{"line":22,"column":35},"end":{"line":67,"column":1}},"line":22},"1":{"name":"(anonymous_1)","decl":{"start":{"line":46,"column":12},"end":{"line":46,"column":13}},"loc":{"start":{"line":46,"column":18},"end":{"line":54,"column":3}},"line":46},"2":{"name":"(anonymous_2)","decl":{"start":{"line":47,"column":35},"end":{"line":47,"column":36}},"loc":{"start":{"line":47,"column":41},"end":{"line":51,"column":5}},"line":47},"3":{"name":"(anonymous_3)","decl":{"start":{"line":48,"column":27},"end":{"line":48,"column":28}},"loc":{"start":{"line":49,"column":8},"end":{"line":49,"column":59}},"line":49},"4":{"name":"(anonymous_4)","decl":{"start":{"line":53,"column":11},"end":{"line":53,"column":12}},"loc":{"start":{"line":53,"column":17},"end":{"line":53,"column":42}},"line":53}},"branchMap":{"0":{"loc":{"start":{"line":49,"column":8},"end":{"line":49,"column":59}},"type":"cond-expr","locations":[{"start":{"line":49,"column":42},"end":{"line":49,"column":43}},{"start":{"line":49,"column":46},"end":{"line":49,"column":59}}],"line":49}},"s":{"0":0,"1":0,"2":0,"3":0,"4":0,"5":0,"6":0,"7":0,"8":0},"f":{"0":0,"1":0,"2":0,"3":0,"4":0},"b":{"0":[0,0]}}
,"C:\\Users\\DanielSp8\\FlexPath\\flexpath-final-project\\frontend\\src\\Components\\ChangeOtherPasswordButton.jsx": {"path":"C:\\Users\\DanielSp8\\FlexPath\\flexpath-final-project\\frontend\\src\\Components\\ChangeOtherPasswordButton.jsx","statementMap":{"0":{"start":{"line":9,"column":28},"end":{"line":9,"column":43}},"1":{"start":{"line":11,"column":2},"end":{"line":28,"column":4}},"2":{"start":{"line":13,"column":61},"end":{"line":13,"column":75}},"3":{"start":{"line":18,"column":23},"end":{"line":18,"column":38}}},"fnMap":{"0":{"name":"ChangeOtherPasswordButton","decl":{"start":{"line":5,"column":24},"end":{"line":5,"column":49}},"loc":{"start":{"line":8,"column":3},"end":{"line":29,"column":1}},"line":8},"1":{"name":"(anonymous_1)","decl":{"start":{"line":13,"column":55},"end":{"line":13,"column":56}},"loc":{"start":{"line":13,"column":61},"end":{"line":13,"column":75}},"line":13},"2":{"name":"(anonymous_2)","decl":{"start":{"line":18,"column":17},"end":{"line":18,"column":18}},"loc":{"start":{"line":18,"column":23},"end":{"line":18,"column":38}},"line":18}},"branchMap":{},"s":{"0":1,"1":1,"2":0,"3":0},"f":{"0":1,"1":0,"2":0},"b":{},"_coverageSchema":"1a1c01bbd47fc00a2c39e90264f33305004495a9","hash":"8e427a2eee3b2c065521609ab956bc1d61ce1573"}
,"C:\\Users\\DanielSp8\\FlexPath\\flexpath-final-project\\frontend\\src\\Components\\Dashboard.jsx": {"path":"C:\\Users\\DanielSp8\\FlexPath\\flexpath-final-project\\frontend\\src\\Components\\Dashboard.jsx","statementMap":{"0":{"start":{"line":12,"column":19},"end":{"line":12,"column":32}},"1":{"start":{"line":15,"column":4},"end":{"line":15,"column":37}},"2":{"start":{"line":16,"column":4},"end":{"line":16,"column":18}},"3":{"start":{"line":19,"column":2},"end":{"line":80,"column":4}}},"fnMap":{"0":{"name":"Dashboard","decl":{"start":{"line":11,"column":24},"end":{"line":11,"column":33}},"loc":{"start":{"line":11,"column":36},"end":{"line":81,"column":1}},"line":11},"1":{"name":"executeLogout","decl":{"start":{"line":14,"column":11},"end":{"line":14,"column":24}},"loc":{"start":{"line":14,"column":27},"end":{"line":17,"column":3}},"line":14}},"branchMap":{},"s":{"0":0,"1":0,"2":0,"3":0},"f":{"0":0,"1":0},"b":{}}
,"C:\\Users\\DanielSp8\\FlexPath\\flexpath-final-project\\frontend\\src\\Components\\DeleteBackpackButton.jsx": {"path":"C:\\Users\\DanielSp8\\FlexPath\\flexpath-final-project\\frontend\\src\\Components\\DeleteBackpackButton.jsx","statementMap":{"0":{"start":{"line":10,"column":28},"end":{"line":10,"column":43}},"1":{"start":{"line":12,"column":2},"end":{"line":27,"column":4}},"2":{"start":{"line":14,"column":56},"end":{"line":14,"column":70}},"3":{"start":{"line":20,"column":23},"end":{"line":20,"column":38}}},"fnMap":{"0":{"name":"DeleteBackpackButton","decl":{"start":{"line":5,"column":24},"end":{"line":5,"column":44}},"loc":{"start":{"line":9,"column":3},"end":{"line":28,"column":1}},"line":9},"1":{"name":"(anonymous_1)","decl":{"start":{"line":14,"column":50},"end":{"line":14,"column":51}},"loc":{"start":{"line":14,"column":56},"end":{"line":14,"column":70}},"line":14},"2":{"name":"(anonymous_2)","decl":{"start":{"line":20,"column":17},"end":{"line":20,"column":18}},"loc":{"start":{"line":20,"column":23},"end":{"line":20,"column":38}},"line":20}},"branchMap":{},"s":{"0":7,"1":7,"2":2,"3":1},"f":{"0":7,"1":2,"2":1},"b":{},"_coverageSchema":"1a1c01bbd47fc00a2c39e90264f33305004495a9","hash":"3a92b1e7ab73dc025965d223e2656006eedb96ff"}
,"C:\\Users\\DanielSp8\\FlexPath\\flexpath-final-project\\frontend\\src\\Components\\DeleteGearItemButton.jsx": {"path":"C:\\Users\\DanielSp8\\FlexPath\\flexpath-final-project\\frontend\\src\\Components\\DeleteGearItemButton.jsx","statementMap":{"0":{"start":{"line":6,"column":28},"end":{"line":6,"column":43}},"1":{"start":{"line":8,"column":2},"end":{"line":23,"column":4}},"2":{"start":{"line":10,"column":56},"end":{"line":10,"column":70}},"3":{"start":{"line":16,"column":23},"end":{"line":16,"column":38}}},"fnMap":{"0":{"name":"DeleteGearItemButton","decl":{"start":{"line":5,"column":24},"end":{"line":5,"column":44}},"loc":{"start":{"line":5,"column":78},"end":{"line":24,"column":1}},"line":5},"1":{"name":"(anonymous_1)","decl":{"start":{"line":10,"column":50},"end":{"line":10,"column":51}},"loc":{"start":{"line":10,"column":56},"end":{"line":10,"column":70}},"line":10},"2":{"name":"(anonymous_2)","decl":{"start":{"line":16,"column":17},"end":{"line":16,"column":18}},"loc":{"start":{"line":16,"column":23},"end":{"line":16,"column":38}},"line":16}},"branchMap":{},"s":{"0":7,"1":7,"2":2,"3":1},"f":{"0":7,"1":2,"2":1},"b":{},"_coverageSchema":"1a1c01bbd47fc00a2c39e90264f33305004495a9","hash":"33c167c7a15bd7800f554fa9c2161aba4e0b36a6"}
,"C:\\Users\\DanielSp8\\FlexPath\\flexpath-final-project\\frontend\\src\\Components\\DeleteRoleButton.jsx": {"path":"C:\\Users\\DanielSp8\\FlexPath\\flexpath-final-project\\frontend\\src\\Components\\DeleteRoleButton.jsx","statementMap":{"0":{"start":{"line":6,"column":28},"end":{"line":6,"column":43}},"1":{"start":{"line":8,"column":2},"end":{"line":27,"column":4}},"2":{"start":{"line":12,"column":23},"end":{"line":12,"column":37}},"3":{"start":{"line":18,"column":23},"end":{"line":18,"column":38}}},"fnMap":{"0":{"name":"DeleteRoleButton","decl":{"start":{"line":5,"column":24},"end":{"line":5,"column":40}},"loc":{"start":{"line":5,"column":77},"end":{"line":28,"column":1}},"line":5},"1":{"name":"(anonymous_1)","decl":{"start":{"line":12,"column":17},"end":{"line":12,"column":18}},"loc":{"start":{"line":12,"column":23},"end":{"line":12,"column":37}},"line":12},"2":{"name":"(anonymous_2)","decl":{"start":{"line":18,"column":17},"end":{"line":18,"column":18}},"loc":{"start":{"line":18,"column":23},"end":{"line":18,"column":38}},"line":18}},"branchMap":{},"s":{"0":9,"1":9,"2":2,"3":1},"f":{"0":9,"1":2,"2":1},"b":{},"_coverageSchema":"1a1c01bbd47fc00a2c39e90264f33305004495a9","hash":"ba1340cd40be638f5bd309af6e0138789fae080d"}
,"C:\\Users\\DanielSp8\\FlexPath\\flexpath-final-project\\frontend\\src\\Components\\DeleteUserButton.jsx": {"path":"C:\\Users\\DanielSp8\\FlexPath\\flexpath-final-project\\frontend\\src\\Components\\DeleteUserButton.jsx","statementMap":{"0":{"start":{"line":11,"column":28},"end":{"line":11,"column":43}},"1":{"start":{"line":13,"column":2},"end":{"line":35,"column":4}},"2":{"start":{"line":19,"column":10},"end":{"line":19,"column":25}},"3":{"start":{"line":20,"column":10},"end":{"line":20,"column":31}},"4":{"start":{"line":27,"column":23},"end":{"line":27,"column":38}}},"fnMap":{"0":{"name":"DeleteUserButton","decl":{"start":{"line":5,"column":24},"end":{"line":5,"column":40}},"loc":{"start":{"line":10,"column":3},"end":{"line":36,"column":1}},"line":10},"1":{"name":"(anonymous_1)","decl":{"start":{"line":18,"column":17},"end":{"line":18,"column":18}},"loc":{"start":{"line":18,"column":23},"end":{"line":21,"column":9}},"line":18},"2":{"name":"(anonymous_2)","decl":{"start":{"line":27,"column":17},"end":{"line":27,"column":18}},"loc":{"start":{"line":27,"column":23},"end":{"line":27,"column":38}},"line":27}},"branchMap":{"0":{"loc":{"start":{"line":17,"column":26},"end":{"line":17,"column":62}},"type":"cond-expr","locations":[{"start":{"line":17,"column":39},"end":{"line":17,"column":53}},{"start":{"line":17,"column":56},"end":{"line":17,"column":62}}],"line":17}},"s":{"0":10,"1":10,"2":3,"3":3,"4":1},"f":{"0":10,"1":3,"2":1},"b":{"0":[9,1]},"_coverageSchema":"1a1c01bbd47fc00a2c39e90264f33305004495a9","hash":"b18188f8d37ec91270a60ae5d32950732846f0f2"}
,"C:\\Users\\DanielSp8\\FlexPath\\flexpath-final-project\\frontend\\src\\Components\\DisplayQuote.jsx": {"path":"C:\\Users\\DanielSp8\\FlexPath\\flexpath-final-project\\frontend\\src\\Components\\DisplayQuote.jsx","statementMap":{"0":{"start":{"line":4,"column":2},"end":{"line":9,"column":4}}},"fnMap":{"0":{"name":"DisplayQuote","decl":{"start":{"line":3,"column":24},"end":{"line":3,"column":36}},"loc":{"start":{"line":3,"column":39},"end":{"line":10,"column":1}},"line":3}},"branchMap":{},"s":{"0":1},"f":{"0":1},"b":{},"_coverageSchema":"1a1c01bbd47fc00a2c39e90264f33305004495a9","hash":"1d0300f19c52e39b8f5858ff683350817e173c72"}
,"C:\\Users\\DanielSp8\\FlexPath\\flexpath-final-project\\frontend\\src\\Components\\DisplaySearchedGearItems.jsx": {"path":"C:\\Users\\DanielSp8\\FlexPath\\flexpath-final-project\\frontend\\src\\Components\\DisplaySearchedGearItems.jsx","statementMap":{"0":{"start":{"line":8,"column":23},"end":{"line":8,"column":36}},"1":{"start":{"line":9,"column":19},"end":{"line":9,"column":28}},"2":{"start":{"line":11,"column":2},"end":{"line":51,"column":6}},"3":{"start":{"line":12,"column":4},"end":{"line":51,"column":6}},"4":{"start":{"line":30,"column":14},"end":{"line":46,"column":15}},"5":{"start":{"line":35,"column":16},"end":{"line":45,"column":18}}},"fnMap":{"0":{"name":"DisplaySearchedGearItems","decl":{"start":{"line":7,"column":24},"end":{"line":7,"column":48}},"loc":{"start":{"line":7,"column":73},"end":{"line":52,"column":1}},"line":7},"1":{"name":"(anonymous_1)","decl":{"start":{"line":27,"column":23},"end":{"line":27,"column":24}},"loc":{"start":{"line":27,"column":37},"end":{"line":47,"column":13}},"line":27}},"branchMap":{"0":{"loc":{"start":{"line":11,"column":2},"end":{"line":51,"column":6}},"type":"if","locations":[{"start":{"line":11,"column":2},"end":{"line":51,"column":6}},{"start":{},"end":{}}],"line":11},"1":{"loc":{"start":{"line":30,"column":14},"end":{"line":46,"column":15}},"type":"if","locations":[{"start":{"line":30,"column":14},"end":{"line":46,"column":15}},{"start":{},"end":{}}],"line":30},"2":{"loc":{"start":{"line":31,"column":16},"end":{"line":33,"column":47}},"type":"binary-expr","locations":[{"start":{"line":31,"column":16},"end":{"line":31,"column":34}},{"start":{"line":32,"column":16},"end":{"line":32,"column":38}},{"start":{"line":33,"column":16},"end":{"line":33,"column":47}}],"line":31},"3":{"loc":{"start":{"line":43,"column":25},"end":{"line":43,"column":60}},"type":"cond-expr","locations":[{"start":{"line":43,"column":44},"end":{"line":43,"column":50}},{"start":{"line":43,"column":53},"end":{"line":43,"column":60}}],"line":43}},"s":{"0":4,"1":4,"2":4,"3":3,"4":3,"5":2},"f":{"0":4,"1":3},"b":{"0":[3,1],"1":[2,1],"2":[3,1,1],"3":[0,2]},"_coverageSchema":"1a1c01bbd47fc00a2c39e90264f33305004495a9","hash":"4c6b3ee5b39e7e56677978bc77d7e05079eb9b57"}
,"C:\\Users\\DanielSp8\\FlexPath\\flexpath-final-project\\frontend\\src\\Components\\Dropdown.jsx": {"path":"C:\\Users\\DanielSp8\\FlexPath\\flexpath-final-project\\frontend\\src\\Components\\Dropdown.jsx","statementMap":{"0":{"start":{"line":5,"column":23},"end":{"line":7,"column":3}},"1":{"start":{"line":6,"column":4},"end":{"line":6,"column":41}},"2":{"start":{"line":9,"column":2},"end":{"line":19,"column":4}},"3":{"start":{"line":13,"column":10},"end":{"line":15,"column":19}}},"fnMap":{"0":{"name":"Dropdown","decl":{"start":{"line":4,"column":24},"end":{"line":4,"column":32}},"loc":{"start":{"line":4,"column":79},"end":{"line":20,"column":1}},"line":4},"1":{"name":"(anonymous_1)","decl":{"start":{"line":5,"column":23},"end":{"line":5,"column":24}},"loc":{"start":{"line":5,"column":34},"end":{"line":7,"column":3}},"line":5},"2":{"name":"(anonymous_2)","decl":{"start":{"line":12,"column":21},"end":{"line":12,"column":22}},"loc":{"start":{"line":13,"column":10},"end":{"line":15,"column":19}},"line":13}},"branchMap":{},"s":{"0":3,"1":1,"2":3,"3":9},"f":{"0":3,"1":1,"2":9},"b":{},"_coverageSchema":"1a1c01bbd47fc00a2c39e90264f33305004495a9","hash":"571506b1498cb96ddb42868ce2ad2f34f711a31a"}
,"C:\\Users\\DanielSp8\\FlexPath\\flexpath-final-project\\frontend\\src\\Components\\ErrorBoundary.jsx": {"path":"C:\\Users\\DanielSp8\\FlexPath\\flexpath-final-project\\frontend\\src\\Components\\ErrorBoundary.jsx","statementMap":{"0":{"start":{"line":6,"column":4},"end":{"line":6,"column":17}},"1":{"start":{"line":7,"column":4},"end":{"line":7,"column":67}},"2":{"start":{"line":11,"column":4},"end":{"line":11,"column":37}},"3":{"start":{"line":15,"column":4},"end":{"line":15,"column":70}},"4":{"start":{"line":16,"column":4},"end":{"line":16,"column":40}},"5":{"start":{"line":20,"column":4},"end":{"line":27,"column":5}},"6":{"start":{"line":21,"column":6},"end":{"line":26,"column":8}},"7":{"start":{"line":28,"column":4},"end":{"line":28,"column":31}}},"fnMap":{"0":{"name":"(anonymous_0)","decl":{"start":{"line":5,"column":2},"end":{"line":5,"column":3}},"loc":{"start":{"line":5,"column":21},"end":{"line":8,"column":3}},"line":5},"1":{"name":"(anonymous_1)","decl":{"start":{"line":10,"column":2},"end":{"line":10,"column":3}},"loc":{"start":{"line":10,"column":41},"end":{"line":12,"column":3}},"line":10},"2":{"name":"(anonymous_2)","decl":{"start":{"line":14,"column":2},"end":{"line":14,"column":3}},"loc":{"start":{"line":14,"column":38},"end":{"line":17,"column":3}},"line":14},"3":{"name":"(anonymous_3)","decl":{"start":{"line":19,"column":2},"end":{"line":19,"column":3}},"loc":{"start":{"line":19,"column":11},"end":{"line":29,"column":3}},"line":19}},"branchMap":{"0":{"loc":{"start":{"line":20,"column":4},"end":{"line":27,"column":5}},"type":"if","locations":[{"start":{"line":20,"column":4},"end":{"line":27,"column":5}},{"start":{},"end":{}}],"line":20}},"s":{"0":0,"1":0,"2":0,"3":0,"4":0,"5":0,"6":0,"7":0},"f":{"0":0,"1":0,"2":0,"3":0},"b":{"0":[0,0]}}
,"C:\\Users\\DanielSp8\\FlexPath\\flexpath-final-project\\frontend\\src\\Components\\Home.jsx": {"path":"C:\\Users\\DanielSp8\\FlexPath\\flexpath-final-project\\frontend\\src\\Components\\Home.jsx","statementMap":{"0":{"start":{"line":7,"column":2},"end":{"line":13,"column":4}}},"fnMap":{"0":{"name":"Home","decl":{"start":{"line":6,"column":24},"end":{"line":6,"column":28}},"loc":{"start":{"line":6,"column":31},"end":{"line":14,"column":1}},"line":6}},"branchMap":{},"s":{"0":1},"f":{"0":1},"b":{},"_coverageSchema":"1a1c01bbd47fc00a2c39e90264f33305004495a9","hash":"ec23962d583a6619f67961f0c66686aaaa2d3408"}
,"C:\\Users\\DanielSp8\\FlexPath\\flexpath-final-project\\frontend\\src\\Components\\InputBox.jsx": {"path":"C:\\Users\\DanielSp8\\FlexPath\\flexpath-final-project\\frontend\\src\\Components\\InputBox.jsx","statementMap":{"0":{"start":{"line":8,"column":28},"end":{"line":8,"column":40}},"1":{"start":{"line":9,"column":28},"end":{"line":9,"column":40}},"2":{"start":{"line":11,"column":22},"end":{"line":21,"column":3}},"3":{"start":{"line":12,"column":18},"end":{"line":12,"column":32}},"4":{"start":{"line":13,"column":4},"end":{"line":13,"column":20}},"5":{"start":{"line":15,"column":4},"end":{"line":20,"column":5}},"6":{"start":{"line":16,"column":6},"end":{"line":16,"column":50}},"7":{"start":{"line":18,"column":6},"end":{"line":18,"column":19}},"8":{"start":{"line":19,"column":6},"end":{"line":19,"column":33}},"9":{"start":{"line":23,"column":2},"end":{"line":64,"column":3}},"10":{"start":{"line":24,"column":4},"end":{"line":33,"column":6}},"11":{"start":{"line":29,"column":27},"end":{"line":29,"column":64}},"12":{"start":{"line":34,"column":7},"end":{"line":64,"column":3}},"13":{"start":{"line":35,"column":4},"end":{"line":47,"column":6}},"14":{"start":{"line":49,"column":4},"end":{"line":63,"column":6}},"15":{"start":{"line":55,"column":12},"end":{"line":55,"column":37}},"16":{"start":{"line":56,"column":12},"end":{"line":56,"column":48}}},"fnMap":{"0":{"name":"InputBox","decl":{"start":{"line":7,"column":24},"end":{"line":7,"column":32}},"loc":{"start":{"line":7,"column":68},"end":{"line":65,"column":1}},"line":7},"1":{"name":"(anonymous_1)","decl":{"start":{"line":11,"column":22},"end":{"line":11,"column":23}},"loc":{"start":{"line":11,"column":29},"end":{"line":21,"column":3}},"line":11},"2":{"name":"(anonymous_2)","decl":{"start":{"line":29,"column":20},"end":{"line":29,"column":21}},"loc":{"start":{"line":29,"column":27},"end":{"line":29,"column":64}},"line":29},"3":{"name":"(anonymous_3)","decl":{"start":{"line":54,"column":20},"end":{"line":54,"column":21}},"loc":{"start":{"line":54,"column":27},"end":{"line":57,"column":11}},"line":54}},"branchMap":{"0":{"loc":{"start":{"line":15,"column":4},"end":{"line":20,"column":5}},"type":"if","locations":[{"start":{"line":15,"column":4},"end":{"line":20,"column":5}},{"start":{"line":17,"column":11},"end":{"line":20,"column":5}}],"line":15},"1":{"loc":{"start":{"line":15,"column":8},"end":{"line":15,"column":43}},"type":"binary-expr","locations":[{"start":{"line":15,"column":8},"end":{"line":15,"column":13}},{"start":{"line":15,"column":17},"end":{"line":15,"column":43}}],"line":15},"2":{"loc":{"start":{"line":23,"column":2},"end":{"line":64,"column":3}},"type":"if","locations":[{"start":{"line":23,"column":2},"end":{"line":64,"column":3}},{"start":{"line":34,"column":7},"end":{"line":64,"column":3}}],"line":23},"3":{"loc":{"start":{"line":28,"column":19},"end":{"line":28,"column":43}},"type":"binary-expr","locations":[{"start":{"line":28,"column":19},"end":{"line":28,"column":34}},{"start":{"line":28,"column":38},"end":{"line":28,"column":43}}],"line":28},"4":{"loc":{"start":{"line":34,"column":7},"end":{"line":64,"column":3}},"type":"if","locations":[{"start":{"line":34,"column":7},"end":{"line":64,"column":3}},{"start":{"line":48,"column":7},"end":{"line":64,"column":3}}],"line":34},"5":{"loc":{"start":{"line":45,"column":9},"end":{"line":45,"column":57}},"type":"binary-expr","locations":[{"start":{"line":45,"column":9},"end":{"line":45,"column":14}},{"start":{"line":45,"column":18},"end":{"line":45,"column":57}}],"line":45}},"s":{"0":14,"1":14,"2":14,"3":4,"4":4,"5":4,"6":2,"7":2,"8":2,"9":14,"10":3,"11":0,"12":11,"13":8,"14":3,"15":1,"16":1},"f":{"0":14,"1":4,"2":0,"3":1},"b":{"0":[2,2],"1":[4,4],"2":[3,11],"3":[3,1],"4":[8,3],"5":[8,2]},"_coverageSchema":"1a1c01bbd47fc00a2c39e90264f33305004495a9","hash":"5e6edd631f1fd37f71ae7e30b8fa233152e5dafa"}
,"C:\\Users\\DanielSp8\\FlexPath\\flexpath-final-project\\frontend\\src\\Components\\LoginForm.jsx": {"path":"C:\\Users\\DanielSp8\\FlexPath\\flexpath-final-project\\frontend\\src\\Components\\LoginForm.jsx","statementMap":{"0":{"start":{"line":5,"column":19},"end":{"line":5,"column":32}},"1":{"start":{"line":6,"column":34},"end":{"line":6,"column":46}},"2":{"start":{"line":7,"column":34},"end":{"line":7,"column":46}},"3":{"start":{"line":8,"column":28},"end":{"line":8,"column":42}},"4":{"start":{"line":10,"column":2},"end":{"line":19,"column":14}},"5":{"start":{"line":11,"column":4},"end":{"line":18,"column":5}},"6":{"start":{"line":12,"column":20},"end":{"line":16,"column":14}},"7":{"start":{"line":13,"column":8},"end":{"line":13,"column":24}},"8":{"start":{"line":14,"column":8},"end":{"line":14,"column":24}},"9":{"start":{"line":15,"column":8},"end":{"line":15,"column":23}},"10":{"start":{"line":17,"column":6},"end":{"line":17,"column":39}},"11":{"start":{"line":17,"column":19},"end":{"line":17,"column":38}},"12":{"start":{"line":21,"column":23},"end":{"line":43,"column":3}},"13":{"start":{"line":22,"column":4},"end":{"line":22,"column":27}},"14":{"start":{"line":23,"column":4},"end":{"line":42,"column":5}},"15":{"start":{"line":24,"column":23},"end":{"line":30,"column":8}},"16":{"start":{"line":32,"column":19},"end":{"line":32,"column":40}},"17":{"start":{"line":33,"column":6},"end":{"line":38,"column":7}},"18":{"start":{"line":34,"column":8},"end":{"line":34,"column":62}},"19":{"start":{"line":35,"column":8},"end":{"line":35,"column":36}},"20":{"start":{"line":37,"column":8},"end":{"line":37,"column":49}},"21":{"start":{"line":40,"column":6},"end":{"line":40,"column":58}},"22":{"start":{"line":41,"column":6},"end":{"line":41,"column":41}},"23":{"start":{"line":45,"column":2},"end":{"line":79,"column":4}},"24":{"start":{"line":56,"column":27},"end":{"line":56,"column":54}},"25":{"start":{"line":68,"column":25},"end":{"line":68,"column":52}}},"fnMap":{"0":{"name":"LoginForm","decl":{"start":{"line":4,"column":24},"end":{"line":4,"column":33}},"loc":{"start":{"line":4,"column":36},"end":{"line":80,"column":1}},"line":4},"1":{"name":"(anonymous_1)","decl":{"start":{"line":10,"column":12},"end":{"line":10,"column":13}},"loc":{"start":{"line":10,"column":18},"end":{"line":19,"column":3}},"line":10},"2":{"name":"(anonymous_2)","decl":{"start":{"line":12,"column":31},"end":{"line":12,"column":32}},"loc":{"start":{"line":12,"column":37},"end":{"line":16,"column":7}},"line":12},"3":{"name":"(anonymous_3)","decl":{"start":{"line":17,"column":13},"end":{"line":17,"column":14}},"loc":{"start":{"line":17,"column":19},"end":{"line":17,"column":38}},"line":17},"4":{"name":"(anonymous_4)","decl":{"start":{"line":21,"column":23},"end":{"line":21,"column":24}},"loc":{"start":{"line":21,"column":40},"end":{"line":43,"column":3}},"line":21},"5":{"name":"(anonymous_5)","decl":{"start":{"line":56,"column":20},"end":{"line":56,"column":21}},"loc":{"start":{"line":56,"column":27},"end":{"line":56,"column":54}},"line":56},"6":{"name":"(anonymous_6)","decl":{"start":{"line":68,"column":18},"end":{"line":68,"column":19}},"loc":{"start":{"line":68,"column":25},"end":{"line":68,"column":52}},"line":68}},"branchMap":{"0":{"loc":{"start":{"line":11,"column":4},"end":{"line":18,"column":5}},"type":"if","locations":[{"start":{"line":11,"column":4},"end":{"line":18,"column":5}},{"start":{},"end":{}}],"line":11},"1":{"loc":{"start":{"line":33,"column":6},"end":{"line":38,"column":7}},"type":"if","locations":[{"start":{"line":33,"column":6},"end":{"line":38,"column":7}},{"start":{"line":36,"column":13},"end":{"line":38,"column":7}}],"line":33},"2":{"loc":{"start":{"line":33,"column":10},"end":{"line":33,"column":47}},"type":"binary-expr","locations":[{"start":{"line":33,"column":10},"end":{"line":33,"column":21}},{"start":{"line":33,"column":25},"end":{"line":33,"column":47}}],"line":33},"3":{"loc":{"start":{"line":37,"column":17},"end":{"line":37,"column":47}},"type":"binary-expr","locations":[{"start":{"line":37,"column":17},"end":{"line":37,"column":29}},{"start":{"line":37,"column":33},"end":{"line":37,"column":47}}],"line":37},"4":{"loc":{"start":{"line":77,"column":7},"end":{"line":77,"column":61}},"type":"binary-expr","locations":[{"start":{"line":77,"column":7},"end":{"line":77,"column":12}},{"start":{"line":77,"column":16},"end":{"line":77,"column":61}}],"line":77}},"s":{"0":0,"1":0,"2":0,"3":0,"4":0,"5":0,"6":0,"7":0,"8":0,"9":0,"10":0,"11":0,"12":0,"13":0,"14":0,"15":0,"16":0,"17":0,"18":0,"19":0,"20":0,"21":0,"22":0,"23":0,"24":0,"25":0},"f":{"0":0,"1":0,"2":0,"3":0,"4":0,"5":0,"6":0},"b":{"0":[0,0],"1":[0,0],"2":[0,0],"3":[0,0],"4":[0,0]}}
,"C:\\Users\\DanielSp8\\FlexPath\\flexpath-final-project\\frontend\\src\\Components\\Modal.jsx": {"path":"C:\\Users\\DanielSp8\\FlexPath\\flexpath-final-project\\frontend\\src\\Components\\Modal.jsx","statementMap":{"0":{"start":{"line":18,"column":34},"end":{"line":18,"column":67}},"1":{"start":{"line":19,"column":46},"end":{"line":19,"column":59}},"2":{"start":{"line":21,"column":24},"end":{"line":24,"column":3}},"3":{"start":{"line":22,"column":4},"end":{"line":22,"column":20}},"4":{"start":{"line":23,"column":4},"end":{"line":23,"column":14}},"5":{"start":{"line":26,"column":23},"end":{"line":31,"column":3}},"6":{"start":{"line":27,"column":4},"end":{"line":30,"column":8}},"7":{"start":{"line":27,"column":27},"end":{"line":30,"column":5}},"8":{"start":{"line":33,"column":23},"end":{"line":50,"column":3}},"9":{"start":{"line":34,"column":4},"end":{"line":34,"column":23}},"10":{"start":{"line":36,"column":4},"end":{"line":42,"column":5}},"11":{"start":{"line":37,"column":6},"end":{"line":37,"column":35}},"12":{"start":{"line":38,"column":11},"end":{"line":42,"column":5}},"13":{"start":{"line":40,"column":6},"end":{"line":40,"column":42}},"14":{"start":{"line":41,"column":6},"end":{"line":41,"column":65}},"15":{"start":{"line":43,"column":4},"end":{"line":49,"column":5}},"16":{"start":{"line":45,"column":6},"end":{"line":47,"column":7}},"17":{"start":{"line":46,"column":8},"end":{"line":46,"column":20}},"18":{"start":{"line":48,"column":6},"end":{"line":48,"column":22}},"19":{"start":{"line":52,"column":2},"end":{"line":71,"column":43}},"20":{"start":{"line":53,"column":4},"end":{"line":70,"column":5}},"21":{"start":{"line":55,"column":26},"end":{"line":55,"column":28}},"22":{"start":{"line":57,"column":6},"end":{"line":59,"column":7}},"23":{"start":{"line":58,"column":8},"end":{"line":58,"column":39}},"24":{"start":{"line":60,"column":6},"end":{"line":62,"column":7}},"25":{"start":{"line":61,"column":8},"end":{"line":61,"column":47}},"26":{"start":{"line":65,"column":6},"end":{"line":68,"column":9}},"27":{"start":{"line":67,"column":8},"end":{"line":67,"column":67}},"28":{"start":{"line":69,"column":6},"end":{"line":69,"column":31}},"29":{"start":{"line":74,"column":2},"end":{"line":74,"column":27}},"30":{"start":{"line":74,"column":15},"end":{"line":74,"column":27}},"31":{"start":{"line":76,"column":2},"end":{"line":126,"column":4}},"32":{"start":{"line":97,"column":14},"end":{"line":104,"column":20}}},"fnMap":{"0":{"name":"Modal","decl":{"start":{"line":7,"column":24},"end":{"line":7,"column":29}},"loc":{"start":{"line":17,"column":3},"end":{"line":127,"column":1}},"line":17},"1":{"name":"(anonymous_1)","decl":{"start":{"line":21,"column":24},"end":{"line":21,"column":25}},"loc":{"start":{"line":21,"column":30},"end":{"line":24,"column":3}},"line":21},"2":{"name":"(anonymous_2)","decl":{"start":{"line":26,"column":23},"end":{"line":26,"column":24}},"loc":{"start":{"line":26,"column":41},"end":{"line":31,"column":3}},"line":26},"3":{"name":"(anonymous_3)","decl":{"start":{"line":27,"column":16},"end":{"line":27,"column":17}},"loc":{"start":{"line":27,"column":27},"end":{"line":30,"column":5}},"line":27},"4":{"name":"(anonymous_4)","decl":{"start":{"line":33,"column":23},"end":{"line":33,"column":24}},"loc":{"start":{"line":33,"column":36},"end":{"line":50,"column":3}},"line":33},"5":{"name":"(anonymous_5)","decl":{"start":{"line":52,"column":12},"end":{"line":52,"column":13}},"loc":{"start":{"line":52,"column":18},"end":{"line":71,"column":3}},"line":52},"6":{"name":"(anonymous_6)","decl":{"start":{"line":65,"column":21},"end":{"line":65,"column":22}},"loc":{"start":{"line":65,"column":32},"end":{"line":68,"column":7}},"line":65},"7":{"name":"(anonymous_7)","decl":{"start":{"line":96,"column":25},"end":{"line":96,"column":26}},"loc":{"start":{"line":97,"column":14},"end":{"line":104,"column":20}},"line":97}},"branchMap":{"0":{"loc":{"start":{"line":11,"column":2},"end":{"line":11,"column":15}},"type":"default-arg","locations":[{"start":{"line":11,"column":11},"end":{"line":11,"column":15}}],"line":11},"1":{"loc":{"start":{"line":12,"column":2},"end":{"line":12,"column":19}},"type":"default-arg","locations":[{"start":{"line":12,"column":15},"end":{"line":12,"column":19}}],"line":12},"2":{"loc":{"start":{"line":13,"column":2},"end":{"line":13,"column":15}},"type":"default-arg","locations":[{"start":{"line":13,"column":11},"end":{"line":13,"column":15}}],"line":13},"3":{"loc":{"start":{"line":36,"column":4},"end":{"line":42,"column":5}},"type":"if","locations":[{"start":{"line":36,"column":4},"end":{"line":42,"column":5}},{"start":{"line":38,"column":11},"end":{"line":42,"column":5}}],"line":36},"4":{"loc":{"start":{"line":38,"column":11},"end":{"line":42,"column":5}},"type":"if","locations":[{"start":{"line":38,"column":11},"end":{"line":42,"column":5}},{"start":{},"end":{}}],"line":38},"5":{"loc":{"start":{"line":43,"column":4},"end":{"line":49,"column":5}},"type":"if","locations":[{"start":{"line":43,"column":4},"end":{"line":49,"column":5}},{"start":{},"end":{}}],"line":43},"6":{"loc":{"start":{"line":45,"column":6},"end":{"line":47,"column":7}},"type":"if","locations":[{"start":{"line":45,"column":6},"end":{"line":47,"column":7}},{"start":{},"end":{}}],"line":45},"7":{"loc":{"start":{"line":53,"column":4},"end":{"line":70,"column":5}},"type":"if","locations":[{"start":{"line":53,"column":4},"end":{"line":70,"column":5}},{"start":{},"end":{}}],"line":53},"8":{"loc":{"start":{"line":53,"column":8},"end":{"line":53,"column":32}},"type":"binary-expr","locations":[{"start":{"line":53,"column":8},"end":{"line":53,"column":14}},{"start":{"line":53,"column":18},"end":{"line":53,"column":32}}],"line":53},"9":{"loc":{"start":{"line":57,"column":6},"end":{"line":59,"column":7}},"type":"if","locations":[{"start":{"line":57,"column":6},"end":{"line":59,"column":7}},{"start":{},"end":{}}],"line":57},"10":{"loc":{"start":{"line":60,"column":6},"end":{"line":62,"column":7}},"type":"if","locations":[{"start":{"line":60,"column":6},"end":{"line":62,"column":7}},{"start":{},"end":{}}],"line":60},"11":{"loc":{"start":{"line":67,"column":29},"end":{"line":67,"column":66}},"type":"cond-expr","locations":[{"start":{"line":67,"column":56},"end":{"line":67,"column":61}},{"start":{"line":67,"column":64},"end":{"line":67,"column":66}}],"line":67},"12":{"loc":{"start":{"line":74,"column":2},"end":{"line":74,"column":27}},"type":"if","locations":[{"start":{"line":74,"column":2},"end":{"line":74,"column":27}},{"start":{},"end":{}}],"line":74},"13":{"loc":{"start":{"line":80,"column":9},"end":{"line":123,"column":9}},"type":"cond-expr","locations":[{"start":{"line":81,"column":10},"end":{"line":93,"column":16}},{"start":{"line":95,"column":10},"end":{"line":122,"column":17}}],"line":80},"14":{"loc":{"start":{"line":89,"column":13},"end":{"line":89,"column":60}},"type":"binary-expr","locations":[{"start":{"line":89,"column":13},"end":{"line":89,"column":18}},{"start":{"line":89,"column":22},"end":{"line":89,"column":60}}],"line":89},"15":{"loc":{"start":{"line":114,"column":15},"end":{"line":114,"column":62}},"type":"binary-expr","locations":[{"start":{"line":114,"column":15},"end":{"line":114,"column":20}},{"start":{"line":114,"column":24},"end":{"line":114,"column":62}}],"line":114}},"s":{"0":3,"1":3,"2":3,"3":0,"4":0,"5":3,"6":0,"7":0,"8":3,"9":0,"10":0,"11":0,"12":0,"13":0,"14":0,"15":0,"16":0,"17":0,"18":0,"19":3,"20":2,"21":1,"22":1,"23":0,"24":1,"25":0,"26":1,"27":2,"28":1,"29":3,"30":1,"31":2,"32":4},"f":{"0":3,"1":0,"2":0,"3":0,"4":0,"5":2,"6":2,"7":4},"b":{"0":[1],"1":[3],"2":[3],"3":[0,0],"4":[0,0],"5":[0,0],"6":[0,0],"7":[1,1],"8":[2,1],"9":[0,1],"10":[0,1],"11":[1,1],"12":[1,2],"13":[0,2],"14":[0,0],"15":[2,0]},"_coverageSchema":"1a1c01bbd47fc00a2c39e90264f33305004495a9","hash":"5aafffcd3163818457d63f6e673042f9b5324289"}
,"C:\\Users\\DanielSp8\\FlexPath\\flexpath-final-project\\frontend\\src\\Components\\NotFound.jsx": {"path":"C:\\Users\\DanielSp8\\FlexPath\\flexpath-final-project\\frontend\\src\\Components\\NotFound.jsx","statementMap":{"0":{"start":{"line":4,"column":2},"end":{"line":8,"column":4}}},"fnMap":{"0":{"name":"NotFound","decl":{"start":{"line":3,"column":24},"end":{"line":3,"column":32}},"loc":{"start":{"line":3,"column":35},"end":{"line":9,"column":1}},"line":3}},"branchMap":{},"s":{"0":1},"f":{"0":1},"b":{},"_coverageSchema":"1a1c01bbd47fc00a2c39e90264f33305004495a9","hash":"c187f939b8ec699c661557447a6ec662e701a661"}
,"C:\\Users\\DanielSp8\\FlexPath\\flexpath-final-project\\frontend\\src\\Components\\Profile.jsx": {"path":"C:\\Users\\DanielSp8\\FlexPath\\flexpath-final-project\\frontend\\src\\Components\\Profile.jsx","statementMap":{"0":{"start":{"line":7,"column":2},"end":{"line":13,"column":4}}},"fnMap":{"0":{"name":"Profile","decl":{"start":{"line":6,"column":24},"end":{"line":6,"column":31}},"loc":{"start":{"line":6,"column":34},"end":{"line":14,"column":1}},"line":6}},"branchMap":{},"s":{"0":1},"f":{"0":1},"b":{},"_coverageSchema":"1a1c01bbd47fc00a2c39e90264f33305004495a9","hash":"643dc1416f6cf46ec2fe3c91d64ed08b5ea18809"}
,"C:\\Users\\DanielSp8\\FlexPath\\flexpath-final-project\\frontend\\src\\Components\\ProfileRole.jsx": {"path":"C:\\Users\\DanielSp8\\FlexPath\\flexpath-final-project\\frontend\\src\\Components\\ProfileRole.jsx","statementMap":{"0":{"start":{"line":7,"column":19},"end":{"line":7,"column":28}},"1":{"start":{"line":9,"column":2},"end":{"line":13,"column":4}}},"fnMap":{"0":{"name":"ProfileRole","decl":{"start":{"line":6,"column":24},"end":{"line":6,"column":35}},"loc":{"start":{"line":6,"column":38},"end":{"line":14,"column":1}},"line":6}},"branchMap":{"0":{"loc":{"start":{"line":11,"column":7},"end":{"line":11,"column":66}},"type":"cond-expr","locations":[{"start":{"line":11,"column":32},"end":{"line":11,"column":48}},{"start":{"line":11,"column":51},"end":{"line":11,"column":66}}],"line":11}},"s":{"0":2,"1":2},"f":{"0":2},"b":{"0":[1,1]},"_coverageSchema":"1a1c01bbd47fc00a2c39e90264f33305004495a9","hash":"7acfa45185000abdb70b04dd4becb15186a072e4"}
,"C:\\Users\\DanielSp8\\FlexPath\\flexpath-final-project\\frontend\\src\\Components\\ProfileUsername.jsx": {"path":"C:\\Users\\DanielSp8\\FlexPath\\flexpath-final-project\\frontend\\src\\Components\\ProfileUsername.jsx","statementMap":{"0":{"start":{"line":7,"column":23},"end":{"line":7,"column":36}},"1":{"start":{"line":8,"column":28},"end":{"line":8,"column":43}},"2":{"start":{"line":10,"column":2},"end":{"line":35,"column":4}},"3":{"start":{"line":17,"column":27},"end":{"line":17,"column":41}},"4":{"start":{"line":23,"column":27},"end":{"line":23,"column":42}}},"fnMap":{"0":{"name":"ProfileUsername","decl":{"start":{"line":6,"column":24},"end":{"line":6,"column":39}},"loc":{"start":{"line":6,"column":55},"end":{"line":36,"column":1}},"line":6},"1":{"name":"(anonymous_1)","decl":{"start":{"line":17,"column":21},"end":{"line":17,"column":22}},"loc":{"start":{"line":17,"column":27},"end":{"line":17,"column":41}},"line":17},"2":{"name":"(anonymous_2)","decl":{"start":{"line":23,"column":21},"end":{"line":23,"column":22}},"loc":{"start":{"line":23,"column":27},"end":{"line":23,"column":42}},"line":23}},"branchMap":{},"s":{"0":5,"1":5,"2":5,"3":1,"4":1},"f":{"0":5,"1":1,"2":1},"b":{},"_coverageSchema":"1a1c01bbd47fc00a2c39e90264f33305004495a9","hash":"4bde2bb3902137a7fac81b4c3e8ef91579f6c34c"}
,"C:\\Users\\DanielSp8\\FlexPath\\flexpath-final-project\\frontend\\src\\Components\\ProtectedRoute.jsx": {"path":"C:\\Users\\DanielSp8\\FlexPath\\flexpath-final-project\\frontend\\src\\Components\\ProtectedRoute.jsx","statementMap":{"0":{"start":{"line":4,"column":16},"end":{"line":4,"column":45}},"1":{"start":{"line":6,"column":2},"end":{"line":6,"column":50}}},"fnMap":{"0":{"name":"ProtectedRoute","decl":{"start":{"line":3,"column":24},"end":{"line":3,"column":38}},"loc":{"start":{"line":3,"column":41},"end":{"line":7,"column":1}},"line":3}},"branchMap":{"0":{"loc":{"start":{"line":6,"column":9},"end":{"line":6,"column":49}},"type":"cond-expr","locations":[{"start":{"line":6,"column":17},"end":{"line":6,"column":27}},{"start":{"line":6,"column":30},"end":{"line":6,"column":49}}],"line":6}},"s":{"0":0,"1":0},"f":{"0":0},"b":{"0":[0,0]}}
,"C:\\Users\\DanielSp8\\FlexPath\\flexpath-final-project\\frontend\\src\\Components\\RadioButton.jsx": {"path":"C:\\Users\\DanielSp8\\FlexPath\\flexpath-final-project\\frontend\\src\\Components\\RadioButton.jsx","statementMap":{"0":{"start":{"line":5,"column":2},"end":{"line":16,"column":4}}},"fnMap":{"0":{"name":"RadioButton","decl":{"start":{"line":4,"column":24},"end":{"line":4,"column":35}},"loc":{"start":{"line":4,"column":73},"end":{"line":17,"column":1}},"line":4}},"branchMap":{},"s":{"0":2},"f":{"0":2},"b":{},"_coverageSchema":"1a1c01bbd47fc00a2c39e90264f33305004495a9","hash":"70612025e1829693d07067c2edc1f8aecc97b78b"}
,"C:\\Users\\DanielSp8\\FlexPath\\flexpath-final-project\\frontend\\src\\Components\\RadioGroup.jsx": {"path":"C:\\Users\\DanielSp8\\FlexPath\\flexpath-final-project\\frontend\\src\\Components\\RadioGroup.jsx","statementMap":{"0":{"start":{"line":6,"column":2},"end":{"line":18,"column":4}},"1":{"start":{"line":9,"column":8},"end":{"line":15,"column":10}}},"fnMap":{"0":{"name":"RadioGroup","decl":{"start":{"line":5,"column":24},"end":{"line":5,"column":34}},"loc":{"start":{"line":5,"column":73},"end":{"line":19,"column":1}},"line":5},"1":{"name":"(anonymous_1)","decl":{"start":{"line":8,"column":19},"end":{"line":8,"column":20}},"loc":{"start":{"line":9,"column":8},"end":{"line":15,"column":10}},"line":9}},"branchMap":{},"s":{"0":0,"1":0},"f":{"0":0,"1":0},"b":{}}
,"C:\\Users\\DanielSp8\\FlexPath\\flexpath-final-project\\frontend\\src\\Components\\RoleModal.jsx": {"path":"C:\\Users\\DanielSp8\\FlexPath\\flexpath-final-project\\frontend\\src\\Components\\RoleModal.jsx","statementMap":{"0":{"start":{"line":17,"column":46},"end":{"line":17,"column":59}},"1":{"start":{"line":18,"column":28},"end":{"line":18,"column":40}},"2":{"start":{"line":20,"column":24},"end":{"line":26,"column":3}},"3":{"start":{"line":21,"column":4},"end":{"line":21,"column":17}},"4":{"start":{"line":22,"column":4},"end":{"line":24,"column":5}},"5":{"start":{"line":23,"column":6},"end":{"line":23,"column":26}},"6":{"start":{"line":25,"column":4},"end":{"line":25,"column":14}},"7":{"start":{"line":28,"column":23},"end":{"line":47,"column":3}},"8":{"start":{"line":29,"column":4},"end":{"line":29,"column":23}},"9":{"start":{"line":30,"column":4},"end":{"line":32,"column":5}},"10":{"start":{"line":31,"column":6},"end":{"line":31,"column":57}},"11":{"start":{"line":33,"column":4},"end":{"line":35,"column":5}},"12":{"start":{"line":34,"column":6},"end":{"line":34,"column":57}},"13":{"start":{"line":36,"column":4},"end":{"line":38,"column":5}},"14":{"start":{"line":37,"column":6},"end":{"line":37,"column":35}},"15":{"start":{"line":40,"column":4},"end":{"line":44,"column":5}},"16":{"start":{"line":41,"column":6},"end":{"line":43,"column":7}},"17":{"start":{"line":42,"column":8},"end":{"line":42,"column":20}},"18":{"start":{"line":46,"column":4},"end":{"line":46,"column":20}},"19":{"start":{"line":49,"column":2},"end":{"line":49,"column":27}},"20":{"start":{"line":49,"column":15},"end":{"line":49,"column":27}},"21":{"start":{"line":51,"column":2},"end":{"line":101,"column":4}},"22":{"start":{"line":79,"column":33},"end":{"line":79,"column":57}}},"fnMap":{"0":{"name":"RoleModal","decl":{"start":{"line":5,"column":24},"end":{"line":5,"column":33}},"loc":{"start":{"line":16,"column":3},"end":{"line":102,"column":1}},"line":16},"1":{"name":"(anonymous_1)","decl":{"start":{"line":20,"column":24},"end":{"line":20,"column":25}},"loc":{"start":{"line":20,"column":30},"end":{"line":26,"column":3}},"line":20},"2":{"name":"(anonymous_2)","decl":{"start":{"line":28,"column":23},"end":{"line":28,"column":24}},"loc":{"start":{"line":28,"column":36},"end":{"line":47,"column":3}},"line":28},"3":{"name":"(anonymous_3)","decl":{"start":{"line":79,"column":26},"end":{"line":79,"column":27}},"loc":{"start":{"line":79,"column":33},"end":{"line":79,"column":57}},"line":79}},"branchMap":{"0":{"loc":{"start":{"line":9,"column":2},"end":{"line":9,"column":14}},"type":"default-arg","locations":[{"start":{"line":9,"column":10},"end":{"line":9,"column":14}}],"line":9},"1":{"loc":{"start":{"line":10,"column":2},"end":{"line":10,"column":15}},"type":"default-arg","locations":[{"start":{"line":10,"column":9},"end":{"line":10,"column":15}}],"line":10},"2":{"loc":{"start":{"line":13,"column":2},"end":{"line":13,"column":22}},"type":"default-arg","locations":[{"start":{"line":13,"column":18},"end":{"line":13,"column":22}}],"line":13},"3":{"loc":{"start":{"line":15,"column":2},"end":{"line":15,"column":22}},"type":"default-arg","locations":[{"start":{"line":15,"column":18},"end":{"line":15,"column":22}}],"line":15},"4":{"loc":{"start":{"line":22,"column":4},"end":{"line":24,"column":5}},"type":"if","locations":[{"start":{"line":22,"column":4},"end":{"line":24,"column":5}},{"start":{},"end":{}}],"line":22},"5":{"loc":{"start":{"line":30,"column":4},"end":{"line":32,"column":5}},"type":"if","locations":[{"start":{"line":30,"column":4},"end":{"line":32,"column":5}},{"start":{},"end":{}}],"line":30},"6":{"loc":{"start":{"line":30,"column":8},"end":{"line":30,"column":49}},"type":"binary-expr","locations":[{"start":{"line":30,"column":8},"end":{"line":30,"column":25}},{"start":{"line":30,"column":29},"end":{"line":30,"column":49}}],"line":30},"7":{"loc":{"start":{"line":33,"column":4},"end":{"line":35,"column":5}},"type":"if","locations":[{"start":{"line":33,"column":4},"end":{"line":35,"column":5}},{"start":{},"end":{}}],"line":33},"8":{"loc":{"start":{"line":33,"column":8},"end":{"line":33,"column":54}},"type":"binary-expr","locations":[{"start":{"line":33,"column":8},"end":{"line":33,"column":24}},{"start":{"line":33,"column":28},"end":{"line":33,"column":54}}],"line":33},"9":{"loc":{"start":{"line":36,"column":4},"end":{"line":38,"column":5}},"type":"if","locations":[{"start":{"line":36,"column":4},"end":{"line":38,"column":5}},{"start":{},"end":{}}],"line":36},"10":{"loc":{"start":{"line":40,"column":4},"end":{"line":44,"column":5}},"type":"if","locations":[{"start":{"line":40,"column":4},"end":{"line":44,"column":5}},{"start":{},"end":{}}],"line":40},"11":{"loc":{"start":{"line":41,"column":6},"end":{"line":43,"column":7}},"type":"if","locations":[{"start":{"line":41,"column":6},"end":{"line":43,"column":7}},{"start":{},"end":{}}],"line":41},"12":{"loc":{"start":{"line":49,"column":2},"end":{"line":49,"column":27}},"type":"if","locations":[{"start":{"line":49,"column":2},"end":{"line":49,"column":27}},{"start":{},"end":{}}],"line":49},"13":{"loc":{"start":{"line":55,"column":9},"end":{"line":97,"column":9}},"type":"cond-expr","locations":[{"start":{"line":56,"column":10},"end":{"line":70,"column":16}},{"start":{"line":72,"column":10},"end":{"line":96,"column":16}}],"line":55},"14":{"loc":{"start":{"line":98,"column":9},"end":{"line":98,"column":64}},"type":"binary-expr","locations":[{"start":{"line":98,"column":9},"end":{"line":98,"column":14}},{"start":{"line":98,"column":18},"end":{"line":98,"column":64}}],"line":98}},"s":{"0":3,"1":3,"2":3,"3":0,"4":0,"5":0,"6":0,"7":3,"8":0,"9":0,"10":0,"11":0,"12":0,"13":0,"14":0,"15":0,"16":0,"17":0,"18":0,"19":3,"20":3,"21":0,"22":0},"f":{"0":3,"1":0,"2":0,"3":0},"b":{"0":[2],"1":[2],"2":[2],"3":[3],"4":[0,0],"5":[0,0],"6":[0,0],"7":[0,0],"8":[0,0],"9":[0,0],"10":[0,0],"11":[0,0],"12":[3,0],"13":[0,0],"14":[0,0]},"_coverageSchema":"1a1c01bbd47fc00a2c39e90264f33305004495a9","hash":"d7ff36404de42695e23ff2a13360bbf8a54922e3"}
,"C:\\Users\\DanielSp8\\FlexPath\\flexpath-final-project\\frontend\\src\\Components\\Search.jsx": {"path":"C:\\Users\\DanielSp8\\FlexPath\\flexpath-final-project\\frontend\\src\\Components\\Search.jsx","statementMap":{"0":{"start":{"line":11,"column":46},"end":{"line":11,"column":59}},"1":{"start":{"line":13,"column":44},"end":{"line":13,"column":65}},"2":{"start":{"line":14,"column":40},"end":{"line":14,"column":52}},"3":{"start":{"line":15,"column":40},"end":{"line":15,"column":61}},"4":{"start":{"line":16,"column":46},"end":{"line":16,"column":61}},"5":{"start":{"line":17,"column":42},"end":{"line":17,"column":57}},"6":{"start":{"line":19,"column":23},"end":{"line":38,"column":3}},"7":{"start":{"line":20,"column":4},"end":{"line":20,"column":27}},"8":{"start":{"line":23,"column":4},"end":{"line":35,"column":5}},"9":{"start":{"line":24,"column":6},"end":{"line":28,"column":10}},"10":{"start":{"line":30,"column":6},"end":{"line":34,"column":48}},"11":{"start":{"line":36,"column":4},"end":{"line":36,"column":25}},"12":{"start":{"line":37,"column":4},"end":{"line":37,"column":26}},"13":{"start":{"line":40,"column":2},"end":{"line":40,"column":44}},"14":{"start":{"line":40,"column":15},"end":{"line":40,"column":44}},"15":{"start":{"line":42,"column":2},"end":{"line":96,"column":4}},"16":{"start":{"line":56,"column":27},"end":{"line":56,"column":57}},"17":{"start":{"line":77,"column":27},"end":{"line":77,"column":60}}},"fnMap":{"0":{"name":"SearchForm","decl":{"start":{"line":10,"column":24},"end":{"line":10,"column":34}},"loc":{"start":{"line":10,"column":37},"end":{"line":97,"column":1}},"line":10},"1":{"name":"(anonymous_1)","decl":{"start":{"line":19,"column":23},"end":{"line":19,"column":24}},"loc":{"start":{"line":19,"column":40},"end":{"line":38,"column":3}},"line":19},"2":{"name":"(anonymous_2)","decl":{"start":{"line":56,"column":20},"end":{"line":56,"column":21}},"loc":{"start":{"line":56,"column":27},"end":{"line":56,"column":57}},"line":56},"3":{"name":"(anonymous_3)","decl":{"start":{"line":77,"column":20},"end":{"line":77,"column":21}},"loc":{"start":{"line":77,"column":27},"end":{"line":77,"column":60}},"line":77}},"branchMap":{"0":{"loc":{"start":{"line":23,"column":4},"end":{"line":35,"column":5}},"type":"if","locations":[{"start":{"line":23,"column":4},"end":{"line":35,"column":5}},{"start":{"line":29,"column":11},"end":{"line":35,"column":5}}],"line":23},"1":{"loc":{"start":{"line":40,"column":2},"end":{"line":40,"column":44}},"type":"if","locations":[{"start":{"line":40,"column":2},"end":{"line":40,"column":44}},{"start":{},"end":{}}],"line":40},"2":{"loc":{"start":{"line":58,"column":12},"end":{"line":60,"column":36}},"type":"cond-expr","locations":[{"start":{"line":59,"column":16},"end":{"line":59,"column":62}},{"start":{"line":60,"column":16},"end":{"line":60,"column":36}}],"line":58},"3":{"loc":{"start":{"line":72,"column":11},"end":{"line":72,"column":77}},"type":"cond-expr","locations":[{"start":{"line":72,"column":37},"end":{"line":72,"column":53}},{"start":{"line":72,"column":56},"end":{"line":72,"column":77}}],"line":72},"4":{"loc":{"start":{"line":83,"column":7},"end":{"line":83,"column":55}},"type":"binary-expr","locations":[{"start":{"line":83,"column":7},"end":{"line":83,"column":12}},{"start":{"line":83,"column":16},"end":{"line":83,"column":55}}],"line":83},"5":{"loc":{"start":{"line":84,"column":7},"end":{"line":94,"column":7}},"type":"binary-expr","locations":[{"start":{"line":84,"column":7},"end":{"line":84,"column":13}},{"start":{"line":85,"column":8},"end":{"line":93,"column":11}}],"line":84},"6":{"loc":{"start":{"line":86,"column":11},"end":{"line":92,"column":11}},"type":"cond-expr","locations":[{"start":{"line":87,"column":12},"end":{"line":89,"column":18}},{"start":{"line":91,"column":12},"end":{"line":91,"column":80}}],"line":86}},"s":{"0":0,"1":0,"2":0,"3":0,"4":0,"5":0,"6":0,"7":0,"8":0,"9":0,"10":0,"11":0,"12":0,"13":0,"14":0,"15":0,"16":0,"17":0},"f":{"0":0,"1":0,"2":0,"3":0},"b":{"0":[0,0],"1":[0,0],"2":[0,0],"3":[0,0],"4":[0,0],"5":[0,0],"6":[0,0]}}
,"C:\\Users\\DanielSp8\\FlexPath\\flexpath-final-project\\frontend\\src\\Components\\ShowGearInBackpack.jsx": {"path":"C:\\Users\\DanielSp8\\FlexPath\\flexpath-final-project\\frontend\\src\\Components\\ShowGearInBackpack.jsx","statementMap":{"0":{"start":{"line":12,"column":38},"end":{"line":12,"column":49}},"1":{"start":{"line":13,"column":44},"end":{"line":13,"column":58}},"2":{"start":{"line":14,"column":46},"end":{"line":14,"column":59}},"3":{"start":{"line":15,"column":23},"end":{"line":15,"column":36}},"4":{"start":{"line":16,"column":19},"end":{"line":16,"column":28}},"5":{"start":{"line":18,"column":25},"end":{"line":20,"column":3}},"6":{"start":{"line":19,"column":4},"end":{"line":19,"column":38}},"7":{"start":{"line":19,"column":28},"end":{"line":19,"column":36}},"8":{"start":{"line":22,"column":2},"end":{"line":24,"column":42}},"9":{"start":{"line":23,"column":4},"end":{"line":23,"column":51}},"10":{"start":{"line":26,"column":2},"end":{"line":32,"column":29}},"11":{"start":{"line":27,"column":4},"end":{"line":31,"column":5}},"12":{"start":{"line":28,"column":6},"end":{"line":30,"column":7}},"13":{"start":{"line":29,"column":8},"end":{"line":29,"column":32}},"14":{"start":{"line":34,"column":2},"end":{"line":34,"column":44}},"15":{"start":{"line":34,"column":15},"end":{"line":34,"column":44}},"16":{"start":{"line":37,"column":25},"end":{"line":39,"column":7}},"17":{"start":{"line":38,"column":32},"end":{"line":38,"column":58}},"18":{"start":{"line":40,"column":24},"end":{"line":42,"column":7}},"19":{"start":{"line":41,"column":32},"end":{"line":41,"column":57}},"20":{"start":{"line":43,"column":21},"end":{"line":45,"column":7}},"21":{"start":{"line":44,"column":32},"end":{"line":44,"column":64}},"22":{"start":{"line":47,"column":30},"end":{"line":47,"column":65}},"23":{"start":{"line":49,"column":2},"end":{"line":145,"column":4}},"24":{"start":{"line":78,"column":12},"end":{"line":120,"column":13}},"25":{"start":{"line":83,"column":14},"end":{"line":119,"column":16}},"26":{"start":{"line":140,"column":23},"end":{"line":140,"column":44}}},"fnMap":{"0":{"name":"ShowGearInBackpack","decl":{"start":{"line":11,"column":24},"end":{"line":11,"column":42}},"loc":{"start":{"line":11,"column":75},"end":{"line":146,"column":1}},"line":11},"1":{"name":"(anonymous_1)","decl":{"start":{"line":18,"column":25},"end":{"line":18,"column":26}},"loc":{"start":{"line":18,"column":31},"end":{"line":20,"column":3}},"line":18},"2":{"name":"(anonymous_2)","decl":{"start":{"line":19,"column":18},"end":{"line":19,"column":19}},"loc":{"start":{"line":19,"column":28},"end":{"line":19,"column":36}},"line":19},"3":{"name":"(anonymous_3)","decl":{"start":{"line":22,"column":12},"end":{"line":22,"column":13}},"loc":{"start":{"line":22,"column":18},"end":{"line":24,"column":3}},"line":22},"4":{"name":"(anonymous_4)","decl":{"start":{"line":26,"column":12},"end":{"line":26,"column":13}},"loc":{"start":{"line":26,"column":18},"end":{"line":32,"column":3}},"line":26},"5":{"name":"(anonymous_5)","decl":{"start":{"line":38,"column":18},"end":{"line":38,"column":19}},"loc":{"start":{"line":38,"column":32},"end":{"line":38,"column":58}},"line":38},"6":{"name":"(anonymous_6)","decl":{"start":{"line":41,"column":18},"end":{"line":41,"column":19}},"loc":{"start":{"line":41,"column":32},"end":{"line":41,"column":57}},"line":41},"7":{"name":"(anonymous_7)","decl":{"start":{"line":44,"column":18},"end":{"line":44,"column":19}},"loc":{"start":{"line":44,"column":32},"end":{"line":44,"column":64}},"line":44},"8":{"name":"(anonymous_8)","decl":{"start":{"line":75,"column":21},"end":{"line":75,"column":22}},"loc":{"start":{"line":75,"column":35},"end":{"line":121,"column":11}},"line":75},"9":{"name":"(anonymous_9)","decl":{"start":{"line":140,"column":17},"end":{"line":140,"column":18}},"loc":{"start":{"line":140,"column":23},"end":{"line":140,"column":44}},"line":140}},"branchMap":{"0":{"loc":{"start":{"line":27,"column":4},"end":{"line":31,"column":5}},"type":"if","locations":[{"start":{"line":27,"column":4},"end":{"line":31,"column":5}},{"start":{},"end":{}}],"line":27},"1":{"loc":{"start":{"line":28,"column":6},"end":{"line":30,"column":7}},"type":"if","locations":[{"start":{"line":28,"column":6},"end":{"line":30,"column":7}},{"start":{},"end":{}}],"line":28},"2":{"loc":{"start":{"line":28,"column":10},"end":{"line":28,"column":74}},"type":"binary-expr","locations":[{"start":{"line":28,"column":10},"end":{"line":28,"column":47}},{"start":{"line":28,"column":51},"end":{"line":28,"column":74}}],"line":28},"3":{"loc":{"start":{"line":34,"column":2},"end":{"line":34,"column":44}},"type":"if","locations":[{"start":{"line":34,"column":2},"end":{"line":34,"column":44}},{"start":{},"end":{}}],"line":34},"4":{"loc":{"start":{"line":37,"column":25},"end":{"line":39,"column":7}},"type":"cond-expr","locations":[{"start":{"line":38,"column":6},"end":{"line":38,"column":62}},{"start":{"line":39,"column":6},"end":{"line":39,"column":7}}],"line":37},"5":{"loc":{"start":{"line":38,"column":39},"end":{"line":38,"column":57}},"type":"binary-expr","locations":[{"start":{"line":38,"column":39},"end":{"line":38,"column":52}},{"start":{"line":38,"column":56},"end":{"line":38,"column":57}}],"line":38},"6":{"loc":{"start":{"line":40,"column":24},"end":{"line":42,"column":7}},"type":"cond-expr","locations":[{"start":{"line":41,"column":6},"end":{"line":41,"column":61}},{"start":{"line":42,"column":6},"end":{"line":42,"column":7}}],"line":40},"7":{"loc":{"start":{"line":41,"column":39},"end":{"line":41,"column":56}},"type":"binary-expr","locations":[{"start":{"line":41,"column":39},"end":{"line":41,"column":51}},{"start":{"line":41,"column":55},"end":{"line":41,"column":56}}],"line":41},"8":{"loc":{"start":{"line":43,"column":21},"end":{"line":45,"column":7}},"type":"cond-expr","locations":[{"start":{"line":44,"column":6},"end":{"line":44,"column":68}},{"start":{"line":45,"column":6},"end":{"line":45,"column":7}}],"line":43},"9":{"loc":{"start":{"line":44,"column":49},"end":{"line":44,"column":63}},"type":"binary-expr","locations":[{"start":{"line":44,"column":49},"end":{"line":44,"column":58}},{"start":{"line":44,"column":62},"end":{"line":44,"column":63}}],"line":44},"10":{"loc":{"start":{"line":69,"column":9},"end":{"line":73,"column":9}},"type":"binary-expr","locations":[{"start":{"line":69,"column":9},"end":{"line":69,"column":14}},{"start":{"line":70,"column":10},"end":{"line":72,"column":16}}],"line":69},"11":{"loc":{"start":{"line":78,"column":12},"end":{"line":120,"column":13}},"type":"if","locations":[{"start":{"line":78,"column":12},"end":{"line":120,"column":13}},{"start":{},"end":{}}],"line":78},"12":{"loc":{"start":{"line":79,"column":14},"end":{"line":81,"column":45}},"type":"binary-expr","locations":[{"start":{"line":79,"column":14},"end":{"line":79,"column":32}},{"start":{"line":80,"column":14},"end":{"line":80,"column":36}},{"start":{"line":81,"column":14},"end":{"line":81,"column":45}}],"line":79},"13":{"loc":{"start":{"line":86,"column":21},"end":{"line":100,"column":28}},"type":"cond-expr","locations":[{"start":{"line":88,"column":22},"end":{"line":99,"column":24}},{"start":{"line":100,"column":24},"end":{"line":100,"column":28}}],"line":86},"14":{"loc":{"start":{"line":86,"column":21},"end":{"line":87,"column":42}},"type":"binary-expr","locations":[{"start":{"line":86,"column":21},"end":{"line":86,"column":52}},{"start":{"line":87,"column":20},"end":{"line":87,"column":42}}],"line":86},"15":{"loc":{"start":{"line":109,"column":21},"end":{"line":116,"column":28}},"type":"cond-expr","locations":[{"start":{"line":111,"column":22},"end":{"line":115,"column":24}},{"start":{"line":116,"column":24},"end":{"line":116,"column":28}}],"line":109},"16":{"loc":{"start":{"line":109,"column":21},"end":{"line":110,"column":42}},"type":"binary-expr","locations":[{"start":{"line":109,"column":21},"end":{"line":109,"column":52}},{"start":{"line":110,"column":20},"end":{"line":110,"column":42}}],"line":109}},"s":{"0":3,"1":3,"2":3,"3":3,"4":3,"5":3,"6":0,"7":0,"8":3,"9":3,"10":3,"11":3,"12":2,"13":0,"14":3,"15":1,"16":2,"17":2,"18":2,"19":2,"20":2,"21":2,"22":2,"23":2,"24":2,"25":2,"26":1},"f":{"0":3,"1":0,"2":0,"3":3,"4":3,"5":2,"6":2,"7":2,"8":2,"9":1},"b":{"0":[2,1],"1":[0,2],"2":[2,0],"3":[1,2],"4":[2,0],"5":[2,0],"6":[2,0],"7":[2,0],"8":[2,0],"9":[2,0],"10":[2,0],"11":[2,0],"12":[2,0,0],"13":[2,0],"14":[2,0],"15":[2,0],"16":[2,0]},"_coverageSchema":"1a1c01bbd47fc00a2c39e90264f33305004495a9","hash":"4ab3154e34fb7f83d9713da9ae7bdd5936d32d6d"}
,"C:\\Users\\DanielSp8\\FlexPath\\flexpath-final-project\\frontend\\src\\Components\\SignUpForm.jsx": {"path":"C:\\Users\\DanielSp8\\FlexPath\\flexpath-final-project\\frontend\\src\\Components\\SignUpForm.jsx","statementMap":{"0":{"start":{"line":5,"column":19},"end":{"line":5,"column":32}},"1":{"start":{"line":6,"column":34},"end":{"line":6,"column":46}},"2":{"start":{"line":7,"column":34},"end":{"line":7,"column":46}},"3":{"start":{"line":8,"column":28},"end":{"line":8,"column":42}},"4":{"start":{"line":10,"column":23},"end":{"line":31,"column":3}},"5":{"start":{"line":11,"column":4},"end":{"line":30,"column":5}},"6":{"start":{"line":12,"column":23},"end":{"line":18,"column":8}},"7":{"start":{"line":20,"column":19},"end":{"line":20,"column":40}},"8":{"start":{"line":21,"column":6},"end":{"line":26,"column":7}},"9":{"start":{"line":22,"column":8},"end":{"line":22,"column":62}},"10":{"start":{"line":23,"column":8},"end":{"line":23,"column":36}},"11":{"start":{"line":25,"column":8},"end":{"line":25,"column":49}},"12":{"start":{"line":28,"column":6},"end":{"line":28,"column":52}},"13":{"start":{"line":29,"column":6},"end":{"line":29,"column":41}},"14":{"start":{"line":33,"column":2},"end":{"line":42,"column":14}},"15":{"start":{"line":34,"column":4},"end":{"line":41,"column":5}},"16":{"start":{"line":35,"column":20},"end":{"line":39,"column":14}},"17":{"start":{"line":36,"column":8},"end":{"line":36,"column":24}},"18":{"start":{"line":37,"column":8},"end":{"line":37,"column":24}},"19":{"start":{"line":38,"column":8},"end":{"line":38,"column":23}},"20":{"start":{"line":40,"column":6},"end":{"line":40,"column":39}},"21":{"start":{"line":40,"column":19},"end":{"line":40,"column":38}},"22":{"start":{"line":44,"column":23},"end":{"line":67,"column":3}},"23":{"start":{"line":45,"column":4},"end":{"line":45,"column":23}},"24":{"start":{"line":46,"column":4},"end":{"line":46,"column":17}},"25":{"start":{"line":48,"column":4},"end":{"line":66,"column":5}},"26":{"start":{"line":49,"column":23},"end":{"line":55,"column":8}},"27":{"start":{"line":57,"column":6},"end":{"line":57,"column":64}},"28":{"start":{"line":57,"column":24},"end":{"line":57,"column":64}},"29":{"start":{"line":59,"column":19},"end":{"line":59,"column":40}},"30":{"start":{"line":60,"column":6},"end":{"line":60,"column":33}},"31":{"start":{"line":61,"column":6},"end":{"line":63,"column":7}},"32":{"start":{"line":62,"column":8},"end":{"line":62,"column":23}},"33":{"start":{"line":65,"column":6},"end":{"line":65,"column":28}},"34":{"start":{"line":69,"column":2},"end":{"line":103,"column":4}},"35":{"start":{"line":80,"column":27},"end":{"line":80,"column":54}},"36":{"start":{"line":93,"column":25},"end":{"line":93,"column":52}}},"fnMap":{"0":{"name":"SignUpForm","decl":{"start":{"line":4,"column":24},"end":{"line":4,"column":34}},"loc":{"start":{"line":4,"column":37},"end":{"line":104,"column":1}},"line":4},"1":{"name":"(anonymous_1)","decl":{"start":{"line":10,"column":23},"end":{"line":10,"column":24}},"loc":{"start":{"line":10,"column":35},"end":{"line":31,"column":3}},"line":10},"2":{"name":"(anonymous_2)","decl":{"start":{"line":33,"column":12},"end":{"line":33,"column":13}},"loc":{"start":{"line":33,"column":18},"end":{"line":42,"column":3}},"line":33},"3":{"name":"(anonymous_3)","decl":{"start":{"line":35,"column":31},"end":{"line":35,"column":32}},"loc":{"start":{"line":35,"column":37},"end":{"line":39,"column":7}},"line":35},"4":{"name":"(anonymous_4)","decl":{"start":{"line":40,"column":13},"end":{"line":40,"column":14}},"loc":{"start":{"line":40,"column":19},"end":{"line":40,"column":38}},"line":40},"5":{"name":"(anonymous_5)","decl":{"start":{"line":44,"column":23},"end":{"line":44,"column":24}},"loc":{"start":{"line":44,"column":36},"end":{"line":67,"column":3}},"line":44},"6":{"name":"(anonymous_6)","decl":{"start":{"line":80,"column":20},"end":{"line":80,"column":21}},"loc":{"start":{"line":80,"column":27},"end":{"line":80,"column":54}},"line":80},"7":{"name":"(anonymous_7)","decl":{"start":{"line":93,"column":18},"end":{"line":93,"column":19}},"loc":{"start":{"line":93,"column":25},"end":{"line":93,"column":52}},"line":93}},"branchMap":{"0":{"loc":{"start":{"line":21,"column":6},"end":{"line":26,"column":7}},"type":"if","locations":[{"start":{"line":21,"column":6},"end":{"line":26,"column":7}},{"start":{"line":24,"column":13},"end":{"line":26,"column":7}}],"line":21},"1":{"loc":{"start":{"line":21,"column":10},"end":{"line":21,"column":47}},"type":"binary-expr","locations":[{"start":{"line":21,"column":10},"end":{"line":21,"column":21}},{"start":{"line":21,"column":25},"end":{"line":21,"column":47}}],"line":21},"2":{"loc":{"start":{"line":25,"column":17},"end":{"line":25,"column":47}},"type":"binary-expr","locations":[{"start":{"line":25,"column":17},"end":{"line":25,"column":29}},{"start":{"line":25,"column":33},"end":{"line":25,"column":47}}],"line":25},"3":{"loc":{"start":{"line":34,"column":4},"end":{"line":41,"column":5}},"type":"if","locations":[{"start":{"line":34,"column":4},"end":{"line":41,"column":5}},{"start":{},"end":{}}],"line":34},"4":{"loc":{"start":{"line":57,"column":6},"end":{"line":57,"column":64}},"type":"if","locations":[{"start":{"line":57,"column":6},"end":{"line":57,"column":64}},{"start":{},"end":{}}],"line":57},"5":{"loc":{"start":{"line":61,"column":6},"end":{"line":63,"column":7}},"type":"if","locations":[{"start":{"line":61,"column":6},"end":{"line":63,"column":7}},{"start":{},"end":{}}],"line":61},"6":{"loc":{"start":{"line":61,"column":10},"end":{"line":61,"column":29}},"type":"binary-expr","locations":[{"start":{"line":61,"column":10},"end":{"line":61,"column":21}},{"start":{"line":61,"column":25},"end":{"line":61,"column":29}}],"line":61},"7":{"loc":{"start":{"line":101,"column":7},"end":{"line":101,"column":61}},"type":"binary-expr","locations":[{"start":{"line":101,"column":7},"end":{"line":101,"column":12}},{"start":{"line":101,"column":16},"end":{"line":101,"column":61}}],"line":101}},"s":{"0":0,"1":0,"2":0,"3":0,"4":0,"5":0,"6":0,"7":0,"8":0,"9":0,"10":0,"11":0,"12":0,"13":0,"14":0,"15":0,"16":0,"17":0,"18":0,"19":0,"20":0,"21":0,"22":0,"23":0,"24":0,"25":0,"26":0,"27":0,"28":0,"29":0,"30":0,"31":0,"32":0,"33":0,"34":0,"35":0,"36":0},"f":{"0":0,"1":0,"2":0,"3":0,"4":0,"5":0,"6":0,"7":0},"b":{"0":[0,0],"1":[0,0],"2":[0,0],"3":[0,0],"4":[0,0],"5":[0,0],"6":[0,0],"7":[0,0]}}
,"C:\\Users\\DanielSp8\\FlexPath\\flexpath-final-project\\frontend\\src\\Components\\UpdateGearButton.jsx": {"path":"C:\\Users\\DanielSp8\\FlexPath\\flexpath-final-project\\frontend\\src\\Components\\UpdateGearButton.jsx","statementMap":{"0":{"start":{"line":6,"column":28},"end":{"line":6,"column":43}},"1":{"start":{"line":8,"column":2},"end":{"line":34,"column":4}},"2":{"start":{"line":10,"column":57},"end":{"line":10,"column":71}},"3":{"start":{"line":16,"column":23},"end":{"line":16,"column":38}}},"fnMap":{"0":{"name":"UpdateGearButton","decl":{"start":{"line":5,"column":24},"end":{"line":5,"column":40}},"loc":{"start":{"line":5,"column":76},"end":{"line":35,"column":1}},"line":5},"1":{"name":"(anonymous_1)","decl":{"start":{"line":10,"column":51},"end":{"line":10,"column":52}},"loc":{"start":{"line":10,"column":57},"end":{"line":10,"column":71}},"line":10},"2":{"name":"(anonymous_2)","decl":{"start":{"line":16,"column":17},"end":{"line":16,"column":18}},"loc":{"start":{"line":16,"column":23},"end":{"line":16,"column":38}},"line":16}},"branchMap":{},"s":{"0":7,"1":7,"2":2,"3":1},"f":{"0":7,"1":2,"2":1},"b":{},"_coverageSchema":"1a1c01bbd47fc00a2c39e90264f33305004495a9","hash":"027f59f0bccc2fe1011b613503f7264cab39bb2a"}
,"C:\\Users\\DanielSp8\\FlexPath\\flexpath-final-project\\frontend\\src\\Components\\UserCardElement.jsx": {"path":"C:\\Users\\DanielSp8\\FlexPath\\flexpath-final-project\\frontend\\src\\Components\\UserCardElement.jsx","statementMap":{"0":{"start":{"line":9,"column":46},"end":{"line":9,"column":59}},"1":{"start":{"line":10,"column":23},"end":{"line":10,"column":36}},"2":{"start":{"line":12,"column":2},"end":{"line":14,"column":33}},"3":{"start":{"line":13,"column":4},"end":{"line":13,"column":58}},"4":{"start":{"line":16,"column":2},"end":{"line":16,"column":44}},"5":{"start":{"line":16,"column":15},"end":{"line":16,"column":44}},"6":{"start":{"line":18,"column":2},"end":{"line":44,"column":4}},"7":{"start":{"line":25,"column":12},"end":{"line":32,"column":17}}},"fnMap":{"0":{"name":"UserCardElement","decl":{"start":{"line":8,"column":24},"end":{"line":8,"column":39}},"loc":{"start":{"line":8,"column":70},"end":{"line":45,"column":1}},"line":8},"1":{"name":"(anonymous_1)","decl":{"start":{"line":12,"column":12},"end":{"line":12,"column":13}},"loc":{"start":{"line":12,"column":18},"end":{"line":14,"column":3}},"line":12},"2":{"name":"(anonymous_2)","decl":{"start":{"line":24,"column":21},"end":{"line":24,"column":22}},"loc":{"start":{"line":25,"column":12},"end":{"line":32,"column":17}},"line":25}},"branchMap":{"0":{"loc":{"start":{"line":16,"column":2},"end":{"line":16,"column":44}},"type":"if","locations":[{"start":{"line":16,"column":2},"end":{"line":16,"column":44}},{"start":{},"end":{}}],"line":16},"1":{"loc":{"start":{"line":35,"column":9},"end":{"line":40,"column":9}},"type":"binary-expr","locations":[{"start":{"line":35,"column":9},"end":{"line":35,"column":35}},{"start":{"line":36,"column":10},"end":{"line":39,"column":12}}],"line":35},"2":{"loc":{"start":{"line":42,"column":7},"end":{"line":42,"column":56}},"type":"binary-expr","locations":[{"start":{"line":42,"column":7},"end":{"line":42,"column":12}},{"start":{"line":42,"column":16},"end":{"line":42,"column":56}}],"line":42}},"s":{"0":2,"1":2,"2":2,"3":2,"4":2,"5":1,"6":1,"7":2},"f":{"0":2,"1":2,"2":2},"b":{"0":[1,1],"1":[1,1],"2":[1,0]},"_coverageSchema":"1a1c01bbd47fc00a2c39e90264f33305004495a9","hash":"569b72972e98a9c3f1fe0be8feacf04d02cce200"}
,"C:\\Users\\DanielSp8\\FlexPath\\flexpath-final-project\\frontend\\src\\Components\\UserProfile.jsx": {"path":"C:\\Users\\DanielSp8\\FlexPath\\flexpath-final-project\\frontend\\src\\Components\\UserProfile.jsx","statementMap":{"0":{"start":{"line":4,"column":19},"end":{"line":4,"column":28}},"1":{"start":{"line":6,"column":2},"end":{"line":12,"column":4}}},"fnMap":{"0":{"name":"UserProfile","decl":{"start":{"line":3,"column":24},"end":{"line":3,"column":35}},"loc":{"start":{"line":3,"column":38},"end":{"line":13,"column":1}},"line":3}},"branchMap":{},"s":{"0":1,"1":1},"f":{"0":1},"b":{},"_coverageSchema":"1a1c01bbd47fc00a2c39e90264f33305004495a9","hash":"de05aa505be52fd7c551764b46a8594321d5d611"}
,"C:\\Users\\DanielSp8\\FlexPath\\flexpath-final-project\\frontend\\src\\helpers\\checkForDecimalField.js": {"path":"C:\\Users\\DanielSp8\\FlexPath\\flexpath-final-project\\frontend\\src\\helpers\\checkForDecimalField.js","statementMap":{"0":{"start":{"line":2,"column":2},"end":{"line":9,"column":3}},"1":{"start":{"line":6,"column":6},"end":{"line":6,"column":18}},"2":{"start":{"line":8,"column":6},"end":{"line":8,"column":19}}},"fnMap":{"0":{"name":"checkForDecimalField","decl":{"start":{"line":1,"column":16},"end":{"line":1,"column":36}},"loc":{"start":{"line":1,"column":48},"end":{"line":10,"column":1}},"line":1}},"branchMap":{"0":{"loc":{"start":{"line":2,"column":2},"end":{"line":9,"column":3}},"type":"switch","locations":[{"start":{"line":3,"column":4},"end":{"line":3,"column":21}},{"start":{"line":4,"column":4},"end":{"line":4,"column":20}},{"start":{"line":5,"column":4},"end":{"line":6,"column":18}},{"start":{"line":7,"column":4},"end":{"line":8,"column":19}}],"line":2}},"s":{"0":4,"1":3,"2":1},"f":{"0":4},"b":{"0":[1,2,3,1]},"_coverageSchema":"1a1c01bbd47fc00a2c39e90264f33305004495a9","hash":"9aac710b57e0a83a040cf354b8e5a929d02e2c23"}
,"C:\\Users\\DanielSp8\\FlexPath\\flexpath-final-project\\frontend\\src\\helpers\\currency.js": {"path":"C:\\Users\\DanielSp8\\FlexPath\\flexpath-final-project\\frontend\\src\\helpers\\currency.js","statementMap":{"0":{"start":{"line":2,"column":2},"end":{"line":7,"column":5}}},"fnMap":{"0":{"name":"formatCurrency","decl":{"start":{"line":1,"column":16},"end":{"line":1,"column":30}},"loc":{"start":{"line":1,"column":39},"end":{"line":8,"column":1}},"line":1}},"branchMap":{},"s":{"0":6},"f":{"0":6},"b":{},"_coverageSchema":"1a1c01bbd47fc00a2c39e90264f33305004495a9","hash":"48b30383103b769a0ec17fdbb6c483757641de04"}
,"C:\\Users\\DanielSp8\\FlexPath\\flexpath-final-project\\frontend\\src\\helpers\\fieldsToSearch.js": {"path":"C:\\Users\\DanielSp8\\FlexPath\\flexpath-final-project\\frontend\\src\\helpers\\fieldsToSearch.js","statementMap":{"0":{"start":{"line":1,"column":30},"end":{"line":6,"column":1}}},"fnMap":{},"branchMap":{},"s":{"0":0},"f":{},"b":{}}
,"C:\\Users\\DanielSp8\\FlexPath\\flexpath-final-project\\frontend\\src\\helpers\\radioOptionsForSearch.js": {"path":"C:\\Users\\DanielSp8\\FlexPath\\flexpath-final-project\\frontend\\src\\helpers\\radioOptionsForSearch.js","statementMap":{"0":{"start":{"line":1,"column":37},"end":{"line":4,"column":1}}},"fnMap":{},"branchMap":{},"s":{"0":0},"f":{},"b":{}}
,"C:\\Users\\DanielSp8\\FlexPath\\flexpath-final-project\\frontend\\src\\helpers\\translateFieldsForUser.js": {"path":"C:\\Users\\DanielSp8\\FlexPath\\flexpath-final-project\\frontend\\src\\helpers\\translateFieldsForUser.js","statementMap":{"0":{"start":{"line":2,"column":2},"end":{"line":25,"column":3}},"1":{"start":{"line":4,"column":6},"end":{"line":4,"column":29}},"2":{"start":{"line":6,"column":6},"end":{"line":6,"column":24}},"3":{"start":{"line":8,"column":6},"end":{"line":8,"column":29}},"4":{"start":{"line":10,"column":6},"end":{"line":10,"column":28}},"5":{"start":{"line":12,"column":6},"end":{"line":12,"column":24}},"6":{"start":{"line":14,"column":6},"end":{"line":14,"column":27}},"7":{"start":{"line":16,"column":6},"end":{"line":16,"column":31}},"8":{"start":{"line":18,"column":6},"end":{"line":18,"column":30}},"9":{"start":{"line":20,"column":6},"end":{"line":20,"column":21}},"10":{"start":{"line":22,"column":6},"end":{"line":22,"column":24}},"11":{"start":{"line":24,"column":6},"end":{"line":24,"column":18}}},"fnMap":{"0":{"name":"translateFieldsForUser","decl":{"start":{"line":1,"column":16},"end":{"line":1,"column":38}},"loc":{"start":{"line":1,"column":50},"end":{"line":26,"column":1}},"line":1}},"branchMap":{"0":{"loc":{"start":{"line":2,"column":2},"end":{"line":25,"column":3}},"type":"switch","locations":[{"start":{"line":3,"column":4},"end":{"line":4,"column":29}},{"start":{"line":5,"column":4},"end":{"line":6,"column":24}},{"start":{"line":7,"column":4},"end":{"line":8,"column":29}},{"start":{"line":9,"column":4},"end":{"line":10,"column":28}},{"start":{"line":11,"column":4},"end":{"line":12,"column":24}},{"start":{"line":13,"column":4},"end":{"line":14,"column":27}},{"start":{"line":15,"column":4},"end":{"line":16,"column":31}},{"start":{"line":17,"column":4},"end":{"line":18,"column":30}},{"start":{"line":19,"column":4},"end":{"line":20,"column":21}},{"start":{"line":21,"column":4},"end":{"line":22,"column":24}},{"start":{"line":23,"column":4},"end":{"line":24,"column":18}}],"line":2}},"s":{"0":11,"1":1,"2":1,"3":1,"4":1,"5":1,"6":1,"7":1,"8":1,"9":1,"10":1,"11":1},"f":{"0":11},"b":{"0":[1,1,1,1,1,1,1,1,1,1,1]},"_coverageSchema":"1a1c01bbd47fc00a2c39e90264f33305004495a9","hash":"115b449e29837cc56beec7039ee004be38889d6e"}
,"C:\\Users\\DanielSp8\\FlexPath\\flexpath-final-project\\frontend\\src\\hooks\\useFetchApi.jsx": {"path":"C:\\Users\\DanielSp8\\FlexPath\\flexpath-final-project\\frontend\\src\\hooks\\useFetchApi.jsx","statementMap":{"0":{"start":{"line":4,"column":26},"end":{"line":4,"column":40}},"1":{"start":{"line":5,"column":32},"end":{"line":5,"column":47}},"2":{"start":{"line":6,"column":28},"end":{"line":6,"column":42}},"3":{"start":{"line":8,"column":20},"end":{"line":55,"column":3}},"4":{"start":{"line":15,"column":6},"end":{"line":15,"column":23}},"5":{"start":{"line":16,"column":6},"end":{"line":16,"column":21}},"6":{"start":{"line":17,"column":6},"end":{"line":17,"column":20}},"7":{"start":{"line":19,"column":6},"end":{"line":52,"column":7}},"8":{"start":{"line":20,"column":24},"end":{"line":26,"column":9}},"9":{"start":{"line":30,"column":8},"end":{"line":37,"column":9}},"10":{"start":{"line":34,"column":10},"end":{"line":34,"column":30}},"11":{"start":{"line":35,"column":15},"end":{"line":37,"column":9}},"12":{"start":{"line":36,"column":10},"end":{"line":36,"column":46}},"13":{"start":{"line":39,"column":8},"end":{"line":39,"column":33}},"14":{"start":{"line":40,"column":8},"end":{"line":40,"column":41}},"15":{"start":{"line":41,"column":25},"end":{"line":41,"column":50}},"16":{"start":{"line":42,"column":8},"end":{"line":44,"column":9}},"17":{"start":{"line":43,"column":10},"end":{"line":43,"column":55}},"18":{"start":{"line":46,"column":21},"end":{"line":46,"column":42}},"19":{"start":{"line":47,"column":8},"end":{"line":47,"column":22}},"20":{"start":{"line":49,"column":8},"end":{"line":49,"column":32}},"21":{"start":{"line":51,"column":8},"end":{"line":51,"column":26}},"22":{"start":{"line":57,"column":2},"end":{"line":57,"column":45}}},"fnMap":{"0":{"name":"useFetchApi","decl":{"start":{"line":3,"column":24},"end":{"line":3,"column":35}},"loc":{"start":{"line":3,"column":38},"end":{"line":58,"column":1}},"line":3},"1":{"name":"(anonymous_1)","decl":{"start":{"line":9,"column":4},"end":{"line":9,"column":5}},"loc":{"start":{"line":14,"column":9},"end":{"line":53,"column":5}},"line":14}},"branchMap":{"0":{"loc":{"start":{"line":11,"column":6},"end":{"line":11,"column":20}},"type":"default-arg","locations":[{"start":{"line":11,"column":15},"end":{"line":11,"column":20}}],"line":11},"1":{"loc":{"start":{"line":12,"column":6},"end":{"line":12,"column":40}},"type":"default-arg","locations":[{"start":{"line":12,"column":22},"end":{"line":12,"column":40}}],"line":12},"2":{"loc":{"start":{"line":13,"column":6},"end":{"line":13,"column":17}},"type":"default-arg","locations":[{"start":{"line":13,"column":13},"end":{"line":13,"column":17}}],"line":13},"3":{"loc":{"start":{"line":30,"column":8},"end":{"line":37,"column":9}},"type":"if","locations":[{"start":{"line":30,"column":8},"end":{"line":37,"column":9}},{"start":{"line":35,"column":15},"end":{"line":37,"column":9}}],"line":30},"4":{"loc":{"start":{"line":31,"column":10},"end":{"line":32,"column":49}},"type":"binary-expr","locations":[{"start":{"line":31,"column":10},"end":{"line":31,"column":46}},{"start":{"line":32,"column":11},"end":{"line":32,"column":28}},{"start":{"line":32,"column":32},"end":{"line":32,"column":48}}],"line":31},"5":{"loc":{"start":{"line":35,"column":15},"end":{"line":37,"column":9}},"type":"if","locations":[{"start":{"line":35,"column":15},"end":{"line":37,"column":9}},{"start":{},"end":{}}],"line":35},"6":{"loc":{"start":{"line":35,"column":19},"end":{"line":35,"column":66}},"type":"binary-expr","locations":[{"start":{"line":35,"column":19},"end":{"line":35,"column":23}},{"start":{"line":35,"column":28},"end":{"line":35,"column":45}},{"start":{"line":35,"column":49},"end":{"line":35,"column":65}}],"line":35},"7":{"loc":{"start":{"line":42,"column":8},"end":{"line":44,"column":9}},"type":"if","locations":[{"start":{"line":42,"column":8},"end":{"line":44,"column":9}},{"start":{},"end":{}}],"line":42}},"s":{"0":7,"1":7,"2":7,"3":7,"4":2,"5":2,"6":2,"7":2,"8":2,"9":2,"10":0,"11":2,"12":0,"13":2,"14":2,"15":2,"16":1,"17":0,"18":1,"19":1,"20":1,"21":2,"22":7},"f":{"0":7,"1":2},"b":{"0":[2],"1":[2],"2":[2],"3":[0,2],"4":[2,0,0],"5":[0,2],"6":[2,0,0],"7":[0,1]},"_coverageSchema":"1a1c01bbd47fc00a2c39e90264f33305004495a9","hash":"6bf12dbf18377a782e15d3266a77b2dce9936f1d"}
,"C:\\Users\\DanielSp8\\FlexPath\\flexpath-final-project\\frontend\\src\\hooks\\useRole.jsx": {"path":"C:\\Users\\DanielSp8\\FlexPath\\flexpath-final-project\\frontend\\src\\hooks\\useRole.jsx","statementMap":{"0":{"start":{"line":6,"column":46},"end":{"line":6,"column":59}},"1":{"start":{"line":8,"column":26},"end":{"line":8,"column":38}},"2":{"start":{"line":10,"column":2},"end":{"line":12,"column":9}},"3":{"start":{"line":11,"column":4},"end":{"line":11,"column":36}},"4":{"start":{"line":14,"column":2},"end":{"line":18,"column":13}},"5":{"start":{"line":15,"column":4},"end":{"line":17,"column":5}},"6":{"start":{"line":16,"column":6},"end":{"line":16,"column":20}},"7":{"start":{"line":20,"column":2},"end":{"line":20,"column":18}}},"fnMap":{"0":{"name":"useRole","decl":{"start":{"line":5,"column":24},"end":{"line":5,"column":31}},"loc":{"start":{"line":5,"column":34},"end":{"line":21,"column":1}},"line":5},"1":{"name":"(anonymous_1)","decl":{"start":{"line":10,"column":12},"end":{"line":10,"column":13}},"loc":{"start":{"line":10,"column":18},"end":{"line":12,"column":3}},"line":10},"2":{"name":"(anonymous_2)","decl":{"start":{"line":14,"column":12},"end":{"line":14,"column":13}},"loc":{"start":{"line":14,"column":18},"end":{"line":18,"column":3}},"line":14}},"branchMap":{"0":{"loc":{"start":{"line":15,"column":4},"end":{"line":17,"column":5}},"type":"if","locations":[{"start":{"line":15,"column":4},"end":{"line":17,"column":5}},{"start":{},"end":{}}],"line":15}},"s":{"0":0,"1":0,"2":0,"3":0,"4":0,"5":0,"6":0,"7":0},"f":{"0":0,"1":0,"2":0},"b":{"0":[0,0]}}
,"C:\\Users\\DanielSp8\\FlexPath\\flexpath-final-project\\frontend\\src\\hooks\\useUsername.jsx": {"path":"C:\\Users\\DanielSp8\\FlexPath\\flexpath-final-project\\frontend\\src\\hooks\\useUsername.jsx","statementMap":{"0":{"start":{"line":6,"column":46},"end":{"line":6,"column":59}},"1":{"start":{"line":8,"column":34},"end":{"line":8,"column":46}},"2":{"start":{"line":10,"column":2},"end":{"line":12,"column":9}},"3":{"start":{"line":11,"column":4},"end":{"line":11,"column":30}},"4":{"start":{"line":14,"column":2},"end":{"line":18,"column":13}},"5":{"start":{"line":15,"column":4},"end":{"line":17,"column":5}},"6":{"start":{"line":16,"column":6},"end":{"line":16,"column":33}},"7":{"start":{"line":20,"column":2},"end":{"line":20,"column":22}}},"fnMap":{"0":{"name":"useUsername","decl":{"start":{"line":5,"column":24},"end":{"line":5,"column":35}},"loc":{"start":{"line":5,"column":38},"end":{"line":21,"column":1}},"line":5},"1":{"name":"(anonymous_1)","decl":{"start":{"line":10,"column":12},"end":{"line":10,"column":13}},"loc":{"start":{"line":10,"column":18},"end":{"line":12,"column":3}},"line":10},"2":{"name":"(anonymous_2)","decl":{"start":{"line":14,"column":12},"end":{"line":14,"column":13}},"loc":{"start":{"line":14,"column":18},"end":{"line":18,"column":3}},"line":14}},"branchMap":{"0":{"loc":{"start":{"line":15,"column":4},"end":{"line":17,"column":5}},"type":"if","locations":[{"start":{"line":15,"column":4},"end":{"line":17,"column":5}},{"start":{},"end":{}}],"line":15},"1":{"loc":{"start":{"line":15,"column":8},"end":{"line":15,"column":29}},"type":"binary-expr","locations":[{"start":{"line":15,"column":8},"end":{"line":15,"column":12}},{"start":{"line":15,"column":16},"end":{"line":15,"column":29}}],"line":15}},"s":{"0":2,"1":2,"2":2,"3":2,"4":2,"5":2,"6":0,"7":2},"f":{"0":2,"1":2,"2":2},"b":{"0":[0,2],"1":[2,2]},"_coverageSchema":"1a1c01bbd47fc00a2c39e90264f33305004495a9","hash":"75c6ed9de9fa9587fe57d9e2faf335cb9ff545b5"}
}
