TN:
SF:src\App.jsx
FN:18,App
FNF:1
FNH:0
FNDA:0,App
DA:19,0
LF:1
LH:0
BRF:0
BRH:0
end_of_record
TN:
SF:src\main.jsx
FNF:0
FNH:0
DA:8,0
LF:1
LH:0
BRF:0
BRH:0
end_of_record
TN:
SF:src\Components\AddBackpackButton.jsx
FN:5,AddBackpackButton
FN:10,(anonymous_1)
FN:15,(anonymous_2)
FNF:3
FNH:3
FNDA:9,AddBackpackButton
FNDA:2,(anonymous_1)
FNDA:1,(anonymous_2)
DA:6,9
DA:8,9
DA:10,2
DA:15,1
LF:4
LH:4
BRF:0
BRH:0
end_of_record
TN:
SF:src\Components\AddGearButton.jsx
FN:5,AddGearButton
FN:10,(anonymous_1)
FN:15,(anonymous_2)
FNF:3
FNH:3
FNDA:7,AddGearButton
FNDA:2,(anonymous_1)
FNDA:1,(anonymous_2)
DA:6,7
DA:8,7
DA:10,2
DA:15,1
LF:4
LH:4
BRF:0
BRH:0
end_of_record
TN:
SF:src\Components\AddRoleButton.jsx
FN:5,AddRoleButton
FN:18,(anonymous_1)
FN:27,(anonymous_2)
FNF:3
FNH:3
FNDA:9,AddRoleButton
FNDA:3,(anonymous_1)
FNDA:1,(anonymous_2)
DA:11,9
DA:13,9
DA:19,3
DA:20,3
DA:27,1
LF:5
LH:5
BRDA:17,0,0,8
BRDA:17,0,1,1
BRF:2
BRH:2
end_of_record
TN:
SF:src\Components\AdminProfile.jsx
FN:7,AdminProfile
FN:12,(anonymous_1)
FN:14,(anonymous_2)
FN:17,(anonymous_3)
FN:25,(anonymous_4)
FNF:5
FNH:5
FNDA:5,AdminProfile
FNDA:1,(anonymous_1)
FNDA:1,(anonymous_2)
FNDA:5,(anonymous_3)
FNDA:5,(anonymous_4)
DA:8,5
DA:9,5
DA:10,5
DA:12,5
DA:13,1
DA:14,1
DA:17,5
DA:18,5
DA:21,5
DA:23,4
DA:26,5
LF:11
LH:11
BRDA:21,0,0,1
BRDA:21,0,1,4
BRDA:51,1,0,5
BRDA:51,1,1,3
BRF:4
BRH:4
end_of_record
TN:
SF:src\Components\AppTitle.jsx
FN:3,AppTitle
FNF:1
FNH:1
FNDA:2,AppTitle
DA:4,2
LF:1
LH:1
BRF:0
BRH:0
end_of_record
TN:
SF:src\Components\AuthPage.jsx
FN:7,AuthPage
FN:47,(anonymous_1)
FNF:2
FNH:2
FNDA:3,AuthPage
FNDA:1,(anonymous_1)
DA:8,3
DA:10,3
DA:47,1
LF:3
LH:3
BRDA:29,0,0,2
BRDA:29,0,1,1
BRDA:32,1,0,2
BRDA:32,1,1,1
BRDA:43,2,0,2
BRDA:43,2,1,1
BRDA:49,3,0,2
BRDA:49,3,1,1
BRF:8
BRH:8
end_of_record
TN:
SF:src\Components\Backpack.jsx
FN:8,Backpack
FN:18,(anonymous_1)
FN:24,(anonymous_2)
FN:41,(anonymous_3)
FN:54,(anonymous_4)
FNF:5
FNH:5
FNDA:5,Backpack
FNDA:5,(anonymous_1)
FNDA:1,(anonymous_2)
FNDA:3,(anonymous_3)
FNDA:1,(anonymous_4)
DA:14,5
DA:15,5
DA:16,5
DA:18,5
DA:19,5
DA:22,5
DA:24,4
DA:25,1
DA:26,1
DA:28,4
DA:44,3
DA:49,2
DA:54,1
DA:73,1
LF:14
LH:14
BRDA:22,0,0,1
BRDA:22,0,1,4
BRDA:44,1,0,2
BRDA:44,1,1,1
BRDA:45,2,0,3
BRDA:45,2,1,1
BRDA:45,2,2,1
BRDA:77,3,0,4
BRDA:77,3,1,1
BRF:9
BRH:9
end_of_record
TN:
SF:src\Components\Backpacks.jsx
FN:7,Backpacks
FN:12,(anonymous_1)
FN:13,(anonymous_2)
FNF:3
FNH:3
FNDA:7,Backpacks
FNDA:1,(anonymous_1)
FNDA:1,(anonymous_2)
DA:8,7
DA:9,7
DA:10,7
DA:12,7
DA:13,1
DA:16,7
DA:17,5
DA:30,2
DA:31,2
LF:9
LH:9
BRDA:16,0,0,5
BRDA:16,0,1,2
BRDA:30,1,0,2
BRDA:30,1,1,0
BRF:4
BRH:3
end_of_record
TN:
SF:src\Components\Carousel.jsx
FN:22,Carousel
FN:46,(anonymous_1)
FN:47,(anonymous_2)
FN:48,(anonymous_3)
FN:53,(anonymous_4)
FNF:5
FNH:0
FNDA:0,Carousel
FNDA:0,(anonymous_1)
FNDA:0,(anonymous_2)
FNDA:0,(anonymous_3)
FNDA:0,(anonymous_4)
DA:23,0
DA:24,0
DA:46,0
DA:47,0
DA:48,0
DA:49,0
DA:53,0
DA:56,0
LF:8
LH:0
BRDA:49,0,0,0
BRDA:49,0,1,0
BRF:2
BRH:0
end_of_record
TN:
SF:src\Components\Dashboard.jsx
FN:11,Dashboard
FN:14,executeLogout
FNF:2
FNH:0
FNDA:0,Dashboard
FNDA:0,executeLogout
DA:12,0
DA:15,0
DA:16,0
DA:19,0
LF:4
LH:0
BRF:0
BRH:0
end_of_record
TN:
SF:src\Components\DeleteBackpackButton.jsx
FN:5,DeleteBackpackButton
FN:14,(anonymous_1)
FN:19,(anonymous_2)
FNF:3
FNH:3
FNDA:7,DeleteBackpackButton
FNDA:2,(anonymous_1)
FNDA:1,(anonymous_2)
DA:10,7
DA:12,7
DA:14,2
DA:19,1
LF:4
LH:4
BRF:0
BRH:0
end_of_record
TN:
SF:src\Components\DeleteGearItemButton.jsx
FN:5,DeleteGearItemButton
FN:10,(anonymous_1)
FN:15,(anonymous_2)
FNF:3
FNH:3
FNDA:7,DeleteGearItemButton
FNDA:2,(anonymous_1)
FNDA:1,(anonymous_2)
DA:6,7
DA:8,7
DA:10,2
DA:15,1
LF:4
LH:4
BRF:0
BRH:0
end_of_record
TN:
SF:src\Components\DeleteRoleButton.jsx
FN:5,DeleteRoleButton
FN:12,(anonymous_1)
FN:18,(anonymous_2)
FNF:3
FNH:3
FNDA:7,DeleteRoleButton
FNDA:2,(anonymous_1)
FNDA:1,(anonymous_2)
DA:6,7
DA:8,7
DA:12,2
DA:18,1
LF:4
LH:4
BRF:0
BRH:0
end_of_record
TN:
SF:src\Components\DeleteUserButton.jsx
FN:5,DeleteUserButton
FN:18,(anonymous_1)
FN:27,(anonymous_2)
FNF:3
FNH:3
FNDA:10,DeleteUserButton
FNDA:3,(anonymous_1)
FNDA:1,(anonymous_2)
DA:11,10
DA:13,10
DA:19,3
DA:20,3
DA:27,1
LF:5
LH:5
BRDA:17,0,0,9
BRDA:17,0,1,1
BRF:2
BRH:2
end_of_record
TN:
SF:src\Components\DisplayQuote.jsx
FN:3,DisplayQuote
FNF:1
FNH:1
FNDA:1,DisplayQuote
DA:4,1
LF:1
LH:1
BRF:0
BRH:0
end_of_record
TN:
SF:src\Components\DisplaySearchedGearItems.jsx
FN:7,DisplaySearchedGearItems
FN:27,(anonymous_1)
FNF:2
FNH:2
FNDA:4,DisplaySearchedGearItems
FNDA:3,(anonymous_1)
DA:8,4
DA:9,4
DA:11,4
DA:12,3
DA:30,3
DA:35,2
LF:6
LH:6
BRDA:11,0,0,3
BRDA:11,0,1,1
BRDA:30,1,0,2
BRDA:30,1,1,1
BRDA:31,2,0,3
BRDA:31,2,1,1
BRDA:31,2,2,1
BRDA:43,3,0,0
BRDA:43,3,1,2
BRF:9
BRH:8
end_of_record
TN:
SF:src\Components\Dropdown.jsx
FN:4,Dropdown
FN:5,(anonymous_1)
FN:12,(anonymous_2)
FNF:3
FNH:3
FNDA:3,Dropdown
FNDA:1,(anonymous_1)
FNDA:9,(anonymous_2)
DA:5,3
DA:6,1
DA:9,3
DA:13,9
LF:4
LH:4
BRF:0
BRH:0
end_of_record
TN:
SF:src\Components\ErrorBoundary.jsx
FN:5,(anonymous_0)
FN:10,(anonymous_1)
FN:14,(anonymous_2)
FN:19,(anonymous_3)
FNF:4
FNH:0
FNDA:0,(anonymous_0)
FNDA:0,(anonymous_1)
FNDA:0,(anonymous_2)
FNDA:0,(anonymous_3)
DA:6,0
DA:7,0
DA:11,0
DA:15,0
DA:16,0
DA:20,0
DA:21,0
DA:28,0
LF:8
LH:0
BRDA:20,0,0,0
BRDA:20,0,1,0
BRF:2
BRH:0
end_of_record
TN:
SF:src\Components\Home.jsx
FN:6,Home
FNF:1
FNH:1
FNDA:1,Home
DA:7,1
LF:1
LH:1
BRF:0
BRH:0
end_of_record
TN:
SF:src\Components\InputBox.jsx
FN:7,InputBox
FN:11,(anonymous_1)
FN:29,(anonymous_2)
FN:54,(anonymous_3)
FNF:4
FNH:3
FNDA:14,InputBox
FNDA:4,(anonymous_1)
FNDA:0,(anonymous_2)
FNDA:1,(anonymous_3)
DA:8,14
DA:9,14
DA:11,14
DA:12,4
DA:13,4
DA:15,4
DA:16,2
DA:18,2
DA:19,2
DA:23,14
DA:24,3
DA:29,0
DA:34,11
DA:35,8
DA:49,3
DA:55,1
DA:56,1
LF:17
LH:16
BRDA:15,0,0,2
BRDA:15,0,1,2
BRDA:15,1,0,4
BRDA:15,1,1,4
BRDA:23,2,0,3
BRDA:23,2,1,11
BRDA:28,3,0,3
BRDA:28,3,1,1
BRDA:34,4,0,8
BRDA:34,4,1,3
BRDA:45,5,0,8
BRDA:45,5,1,2
BRF:12
BRH:12
end_of_record
TN:
SF:src\Components\LoginForm.jsx
FN:4,LoginForm
FN:10,(anonymous_1)
FN:12,(anonymous_2)
FN:17,(anonymous_3)
FN:21,(anonymous_4)
FN:56,(anonymous_5)
FN:68,(anonymous_6)
FNF:7
FNH:0
FNDA:0,LoginForm
FNDA:0,(anonymous_1)
FNDA:0,(anonymous_2)
FNDA:0,(anonymous_3)
FNDA:0,(anonymous_4)
FNDA:0,(anonymous_5)
FNDA:0,(anonymous_6)
DA:5,0
DA:6,0
DA:7,0
DA:8,0
DA:10,0
DA:11,0
DA:12,0
DA:13,0
DA:14,0
DA:15,0
DA:17,0
DA:21,0
DA:22,0
DA:23,0
DA:24,0
DA:32,0
DA:33,0
DA:34,0
DA:35,0
DA:37,0
DA:40,0
DA:41,0
DA:45,0
DA:56,0
DA:68,0
LF:25
LH:0
BRDA:11,0,0,0
BRDA:11,0,1,0
BRDA:33,1,0,0
BRDA:33,1,1,0
BRDA:33,2,0,0
BRDA:33,2,1,0
BRDA:37,3,0,0
BRDA:37,3,1,0
BRDA:77,4,0,0
BRDA:77,4,1,0
BRF:10
BRH:0
end_of_record
TN:
SF:src\Components\Modal.jsx
FN:7,Modal
FN:21,(anonymous_1)
FN:26,(anonymous_2)
FN:27,(anonymous_3)
FN:33,(anonymous_4)
FN:51,(anonymous_5)
FN:63,(anonymous_6)
FN:93,(anonymous_7)
FNF:8
FNH:4
FNDA:3,Modal
FNDA:0,(anonymous_1)
FNDA:0,(anonymous_2)
FNDA:0,(anonymous_3)
FNDA:0,(anonymous_4)
FNDA:2,(anonymous_5)
FNDA:2,(anonymous_6)
FNDA:4,(anonymous_7)
DA:18,3
DA:19,3
DA:21,3
DA:22,0
DA:23,0
DA:26,3
DA:27,0
DA:33,3
DA:34,0
DA:36,0
DA:37,0
DA:38,0
DA:40,0
DA:42,0
DA:44,0
DA:45,0
DA:47,0
DA:51,3
DA:52,2
DA:53,1
DA:55,1
DA:56,0
DA:58,1
DA:59,0
DA:63,1
DA:65,2
DA:67,1
DA:71,3
DA:73,2
DA:94,4
LF:30
LH:16
BRDA:11,0,0,1
BRDA:12,1,0,3
BRDA:13,2,0,3
BRDA:36,3,0,0
BRDA:36,3,1,0
BRDA:38,4,0,0
BRDA:38,4,1,0
BRDA:42,5,0,0
BRDA:42,5,1,0
BRDA:44,6,0,0
BRDA:44,6,1,0
BRDA:52,7,0,1
BRDA:52,7,1,1
BRDA:52,8,0,2
BRDA:52,8,1,1
BRDA:55,9,0,0
BRDA:55,9,1,1
BRDA:58,10,0,0
BRDA:58,10,1,1
BRDA:65,11,0,1
BRDA:65,11,1,1
BRDA:71,12,0,1
BRDA:71,12,1,2
BRDA:77,13,0,0
BRDA:77,13,1,2
BRDA:86,14,0,0
BRDA:86,14,1,0
BRDA:111,15,0,2
BRDA:111,15,1,0
BRF:29
BRH:15
end_of_record
TN:
SF:src\Components\NotFound.jsx
FN:3,NotFound
FNF:1
FNH:1
FNDA:1,NotFound
DA:4,1
LF:1
LH:1
BRF:0
BRH:0
end_of_record
TN:
SF:src\Components\Profile.jsx
FN:6,Profile
FNF:1
FNH:1
FNDA:1,Profile
DA:7,1
LF:1
LH:1
BRF:0
BRH:0
end_of_record
TN:
SF:src\Components\ProfileRole.jsx
FN:6,ProfileRole
FNF:1
FNH:1
FNDA:2,ProfileRole
DA:7,2
DA:9,2
LF:2
LH:2
BRDA:11,0,0,1
BRDA:11,0,1,1
BRF:2
BRH:2
end_of_record
TN:
SF:src\Components\ProfileUsername.jsx
FN:6,ProfileUsername
FN:17,(anonymous_1)
FN:23,(anonymous_2)
FNF:3
FNH:3
FNDA:5,ProfileUsername
FNDA:1,(anonymous_1)
FNDA:1,(anonymous_2)
DA:7,5
DA:8,5
DA:10,5
DA:17,1
DA:23,1
LF:5
LH:5
BRF:0
BRH:0
end_of_record
TN:
SF:src\Components\ProtectedRoute.jsx
FN:3,ProtectedRoute
FNF:1
FNH:0
FNDA:0,ProtectedRoute
DA:4,0
DA:6,0
LF:2
LH:0
BRDA:6,0,0,0
BRDA:6,0,1,0
BRF:2
BRH:0
end_of_record
TN:
SF:src\Components\RadioButton.jsx
FN:4,RadioButton
FNF:1
FNH:1
FNDA:2,RadioButton
DA:5,2
LF:1
LH:1
BRF:0
BRH:0
end_of_record
TN:
SF:src\Components\RadioGroup.jsx
FN:5,RadioGroup
FN:8,(anonymous_1)
FNF:2
FNH:0
FNDA:0,RadioGroup
FNDA:0,(anonymous_1)
DA:6,0
DA:9,0
LF:2
LH:0
BRF:0
BRH:0
end_of_record
TN:
SF:src\Components\RoleModal.jsx
FN:5,RoleModal
FN:20,(anonymous_1)
FN:28,(anonymous_2)
FN:79,(anonymous_3)
FNF:4
FNH:0
FNDA:0,RoleModal
FNDA:0,(anonymous_1)
FNDA:0,(anonymous_2)
FNDA:0,(anonymous_3)
DA:17,0
DA:18,0
DA:20,0
DA:21,0
DA:22,0
DA:23,0
DA:25,0
DA:28,0
DA:29,0
DA:30,0
DA:31,0
DA:33,0
DA:34,0
DA:36,0
DA:37,0
DA:40,0
DA:41,0
DA:42,0
DA:46,0
DA:49,0
DA:51,0
DA:79,0
LF:22
LH:0
BRDA:9,0,0,0
BRDA:10,1,0,0
BRDA:13,2,0,0
BRDA:15,3,0,0
BRDA:22,4,0,0
BRDA:22,4,1,0
BRDA:30,5,0,0
BRDA:30,5,1,0
BRDA:30,6,0,0
BRDA:30,6,1,0
BRDA:33,7,0,0
BRDA:33,7,1,0
BRDA:33,8,0,0
BRDA:33,8,1,0
BRDA:36,9,0,0
BRDA:36,9,1,0
BRDA:40,10,0,0
BRDA:40,10,1,0
BRDA:41,11,0,0
BRDA:41,11,1,0
BRDA:49,12,0,0
BRDA:49,12,1,0
BRDA:55,13,0,0
BRDA:55,13,1,0
BRDA:98,14,0,0
BRDA:98,14,1,0
BRF:26
BRH:0
end_of_record
TN:
SF:src\Components\Search.jsx
FN:10,SearchForm
FN:19,(anonymous_1)
FN:56,(anonymous_2)
FN:75,(anonymous_3)
FNF:4
FNH:0
FNDA:0,SearchForm
FNDA:0,(anonymous_1)
FNDA:0,(anonymous_2)
FNDA:0,(anonymous_3)
DA:11,0
DA:13,0
DA:14,0
DA:15,0
DA:16,0
DA:17,0
DA:19,0
DA:20,0
DA:23,0
DA:24,0
DA:30,0
DA:36,0
DA:37,0
DA:40,0
DA:42,0
DA:56,0
DA:75,0
LF:17
LH:0
BRDA:23,0,0,0
BRDA:23,0,1,0
BRDA:40,1,0,0
BRDA:40,1,1,0
BRDA:58,2,0,0
BRDA:58,2,1,0
BRDA:81,3,0,0
BRDA:81,3,1,0
BRDA:82,4,0,0
BRDA:82,4,1,0
BRDA:84,5,0,0
BRDA:84,5,1,0
BRF:12
BRH:0
end_of_record
TN:
SF:src\Components\ShowGearInBackpack.jsx
FN:11,ShowGearInBackpack
FN:17,(anonymous_1)
FN:18,(anonymous_2)
FN:21,(anonymous_3)
FN:29,(anonymous_4)
FN:32,(anonymous_5)
FN:35,(anonymous_6)
FN:62,(anonymous_7)
FN:121,(anonymous_8)
FNF:9
FNH:0
FNDA:0,ShowGearInBackpack
FNDA:0,(anonymous_1)
FNDA:0,(anonymous_2)
FNDA:0,(anonymous_3)
FNDA:0,(anonymous_4)
FNDA:0,(anonymous_5)
FNDA:0,(anonymous_6)
FNDA:0,(anonymous_7)
FNDA:0,(anonymous_8)
DA:12,0
DA:13,0
DA:14,0
DA:15,0
DA:17,0
DA:18,0
DA:21,0
DA:22,0
DA:25,0
DA:28,0
DA:29,0
DA:31,0
DA:32,0
DA:34,0
DA:35,0
DA:38,0
DA:40,0
DA:65,0
DA:70,0
DA:121,0
LF:20
LH:0
BRDA:25,0,0,0
BRDA:25,0,1,0
BRDA:28,1,0,0
BRDA:28,1,1,0
BRDA:29,2,0,0
BRDA:29,2,1,0
BRDA:31,3,0,0
BRDA:31,3,1,0
BRDA:32,4,0,0
BRDA:32,4,1,0
BRDA:34,5,0,0
BRDA:34,5,1,0
BRDA:35,6,0,0
BRDA:35,6,1,0
BRDA:56,7,0,0
BRDA:56,7,1,0
BRDA:65,8,0,0
BRDA:65,8,1,0
BRDA:66,9,0,0
BRDA:66,9,1,0
BRDA:66,9,2,0
BRF:21
BRH:0
end_of_record
TN:
SF:src\Components\SignUpForm.jsx
FN:4,SignUpForm
FN:10,(anonymous_1)
FN:12,(anonymous_2)
FN:17,(anonymous_3)
FN:21,(anonymous_4)
FN:57,(anonymous_5)
FN:70,(anonymous_6)
FNF:7
FNH:0
FNDA:0,SignUpForm
FNDA:0,(anonymous_1)
FNDA:0,(anonymous_2)
FNDA:0,(anonymous_3)
FNDA:0,(anonymous_4)
FNDA:0,(anonymous_5)
FNDA:0,(anonymous_6)
DA:5,0
DA:6,0
DA:7,0
DA:8,0
DA:10,0
DA:11,0
DA:12,0
DA:13,0
DA:14,0
DA:15,0
DA:17,0
DA:21,0
DA:22,0
DA:23,0
DA:25,0
DA:26,0
DA:34,0
DA:36,0
DA:37,0
DA:38,0
DA:39,0
DA:42,0
DA:46,0
DA:57,0
DA:70,0
LF:25
LH:0
BRDA:11,0,0,0
BRDA:11,0,1,0
BRDA:34,1,0,0
BRDA:34,1,1,0
BRDA:37,2,0,0
BRDA:37,2,1,0
BRDA:37,3,0,0
BRDA:37,3,1,0
BRDA:78,4,0,0
BRDA:78,4,1,0
BRF:10
BRH:0
end_of_record
TN:
SF:src\Components\UpdateGearButton.jsx
FN:5,UpdateGearButton
FN:14,(anonymous_1)
FN:19,(anonymous_2)
FNF:3
FNH:2
FNDA:4,UpdateGearButton
FNDA:1,(anonymous_1)
FNDA:0,(anonymous_2)
DA:10,4
DA:12,4
DA:14,1
DA:19,0
LF:4
LH:3
BRF:0
BRH:0
end_of_record
TN:
SF:src\Components\UserCardElement.jsx
FN:6,UserCardElement
FN:9,(anonymous_1)
FN:21,(anonymous_2)
FNF:3
FNH:0
FNDA:0,UserCardElement
FNDA:0,(anonymous_1)
FNDA:0,(anonymous_2)
DA:7,0
DA:9,0
DA:10,0
DA:13,0
DA:15,0
DA:22,0
LF:6
LH:0
BRDA:13,0,0,0
BRDA:13,0,1,0
BRDA:33,1,0,0
BRDA:33,1,1,0
BRF:4
BRH:0
end_of_record
TN:
SF:src\Components\UserProfile.jsx
FN:3,UserProfile
FNF:1
FNH:1
FNDA:1,UserProfile
DA:4,1
DA:6,1
LF:2
LH:2
BRF:0
BRH:0
end_of_record
TN:
SF:src\helpers\checkForDecimalField.js
FN:1,checkForDecimalField
FNF:1
FNH:1
FNDA:4,checkForDecimalField
DA:2,4
DA:6,3
DA:8,1
LF:3
LH:3
BRDA:2,0,0,1
BRDA:2,0,1,2
BRDA:2,0,2,3
BRDA:2,0,3,1
BRF:4
BRH:4
end_of_record
TN:
SF:src\helpers\currency.js
FN:1,formatCurrency
FNF:1
FNH:1
FNDA:2,formatCurrency
DA:2,2
LF:1
LH:1
BRF:0
BRH:0
end_of_record
TN:
SF:src\helpers\fieldsToSearch.js
FNF:0
FNH:0
DA:1,0
LF:1
LH:0
BRF:0
BRH:0
end_of_record
TN:
SF:src\helpers\radioOptionsForSearch.js
FNF:0
FNH:0
DA:1,0
LF:1
LH:0
BRF:0
BRH:0
end_of_record
TN:
SF:src\helpers\translateFieldsForUser.js
FN:1,translateFieldsForUser
FNF:1
FNH:1
FNDA:11,translateFieldsForUser
DA:2,11
DA:4,1
DA:6,1
DA:8,1
DA:10,1
DA:12,1
DA:14,1
DA:16,1
DA:18,1
DA:20,1
DA:22,1
DA:24,1
LF:12
LH:12
BRDA:2,0,0,1
BRDA:2,0,1,1
BRDA:2,0,2,1
BRDA:2,0,3,1
BRDA:2,0,4,1
BRDA:2,0,5,1
BRDA:2,0,6,1
BRDA:2,0,7,1
BRDA:2,0,8,1
BRDA:2,0,9,1
BRDA:2,0,10,1
BRF:11
BRH:11
end_of_record
TN:
SF:src\hooks\useFetchApi.jsx
FN:3,useFetchApi
FN:9,(anonymous_1)
FNF:2
FNH:2
FNDA:5,useFetchApi
FNDA:1,(anonymous_1)
DA:4,5
DA:5,5
DA:6,5
DA:8,5
DA:15,1
DA:16,1
DA:17,1
DA:19,1
DA:20,1
DA:30,1
DA:34,0
DA:35,1
DA:36,0
DA:39,1
DA:40,1
DA:41,0
DA:44,1
DA:45,1
DA:47,0
DA:49,1
DA:55,5
LF:21
LH:17
BRDA:11,0,0,1
BRDA:12,1,0,1
BRDA:13,2,0,1
BRDA:30,3,0,0
BRDA:30,3,1,1
BRDA:31,4,0,1
BRDA:31,4,1,0
BRDA:31,4,2,0
BRDA:35,5,0,0
BRDA:35,5,1,1
BRDA:35,6,0,1
BRDA:35,6,1,0
BRDA:35,6,2,0
BRDA:40,7,0,0
BRDA:40,7,1,1
BRF:15
BRH:8
end_of_record
TN:
SF:src\hooks\useRole.jsx
FN:5,useRole
FN:10,(anonymous_1)
FN:14,(anonymous_2)
FNF:3
FNH:0
FNDA:0,useRole
FNDA:0,(anonymous_1)
FNDA:0,(anonymous_2)
DA:6,0
DA:8,0
DA:10,0
DA:11,0
DA:14,0
DA:15,0
DA:16,0
DA:20,0
LF:8
LH:0
BRDA:15,0,0,0
BRDA:15,0,1,0
BRF:2
BRH:0
end_of_record
TN:
SF:src\hooks\useUsername.jsx
FN:5,useUsername
FN:10,(anonymous_1)
FN:14,(anonymous_2)
FNF:3
FNH:0
FNDA:0,useUsername
FNDA:0,(anonymous_1)
FNDA:0,(anonymous_2)
DA:6,0
DA:8,0
DA:10,0
DA:11,0
DA:14,0
DA:15,0
DA:16,0
DA:20,0
LF:8
LH:0
BRDA:15,0,0,0
BRDA:15,0,1,0
BRDA:15,1,0,0
BRDA:15,1,1,0
BRF:4
BRH:0
end_of_record
